#
# A fatal error has been detected by the Java Runtime Environment:
#
#  EXCEPTION_ACCESS_VIOLATION (0xc0000005) at pc=0x00007ffe87767656, pid=3852, tid=17972
#
# JRE version: OpenJDK Runtime Environment 18.9 (11.0.15+10) (build 11.0.15+10)
# Java VM: OpenJDK 64-Bit Server VM 18.9 (11.0.15+10, mixed mode, tiered, compressed oops, g1 gc, windows-amd64)
# Problematic frame:
# V  [jvm.dll+0x1a7656]
#
# No core dump will be written. Minidumps are not enabled by default on client versions of Windows
#
# If you would like to submit a bug report, please visit:
#   https://bugreport.java.com/bugreport/crash.jsp
#

---------------  S U M M A R Y ------------

Command Line: -XX:MaxMetaspaceSize=512m --add-opens=java.base/java.util=ALL-UNNAMED --add-opens=java.base/java.lang=ALL-UNNAMED --add-opens=java.base/java.lang.invoke=ALL-UNNAMED --add-opens=java.base/java.util=ALL-UNNAMED --add-opens=java.prefs/java.util.prefs=ALL-UNNAMED --add-opens=java.prefs/java.util.prefs=ALL-UNNAMED --add-opens=java.base/java.nio.charset=ALL-UNNAMED --add-opens=java.base/java.net=ALL-UNNAMED --add-opens=java.base/java.util.concurrent.atomic=ALL-UNNAMED -Xmx2048m -Dfile.encoding=windows-1252 -Duser.country=DO -Duser.language=es -Duser.variant org.gradle.launcher.daemon.bootstrap.GradleDaemon 7.3.3

Host: Intel(R) Core(TM) i7-8550U CPU @ 1.80GHz, 8 cores, 7G,  Windows 11 , 64 bit Build 22621 (10.0.22621.608)
Time: Mon Oct 24 15:48:33 2022 Hora estándar de Venezuela elapsed time: 2600.513734 seconds (0d 0h 43m 20s)

---------------  T H R E A D  ---------------

Current thread (0x00000218993ad800):  ConcurrentGCThread "G1 Conc#0" [stack: 0x0000004c1b500000,0x0000004c1b600000] [id=17972]

Stack: [0x0000004c1b500000,0x0000004c1b600000],  sp=0x0000004c1b5ff5c8,  free space=1021k
Native frames: (J=compiled Java code, j=interpreted, Vv=VM code, C=native code)
V  [jvm.dll+0x1a7656]


siginfo: EXCEPTION_ACCESS_VIOLATION (0xc0000005), reading address 0x00000007fbf39b80


Register to memory mapping:

RIP=0x00007ffe87767656 jvm.dll
RAX=0x0 is NULL
RBX=0x0 is NULL
RCX=
[error occurred during error reporting (printing register info), id 0xc0000005, EXCEPTION_ACCESS_VIOLATION (0xc0000005) at pc=0x00007ffe87767656]

Registers:
RAX=0x0000000000000000, RBX=0x0000000000000000, RCX=0x0000000089eff058, RDX=0x0000000089eff058
RSP=0x0000004c1b5ff5c8, RBP=0x0000004c1b5ff701, RSI=0x0000000000000800, RDI=0x0000000089eff058
R8 =0x0000000000000000, R9 =0x00000007fbf39b78, R10=0x00000218c6d136b0, R11=0x346dc5d63886594b
R12=0x0000000000000001, R13=0x00000218993a3960, R14=0x00000218b3b9bfc0, R15=0x0000000000000000
RIP=0x00007ffe87767656, EFLAGS=0x0000000000010206

Top of Stack: (sp=0x0000004c1b5ff5c8)
0x0000004c1b5ff5c8:   00007ffe878bdaef 0000000000000000
0x0000004c1b5ff5d8:   00007ffe878bdaef 01d8e7db8b7a2a46
0x0000004c1b5ff5e8:   0000000000000000 0000000100035ca8
0x0000004c1b5ff5f8:   0000000089efefb0 0000000000000000
0x0000004c1b5ff608:   00000218993b6760 0000000089eff058
0x0000004c1b5ff618:   00007ffe878bd8d2 00000218993b6620
0x0000004c1b5ff628:   0000004c1b5ff7d8 0000000100035ca0
0x0000004c1b5ff638:   00007ffe87c0752c 0000000089efefd4
0x0000004c1b5ff648:   00007ffe878b595d 0000000089efefd8
0x0000004c1b5ff658:   0000000089efefcc 0000004c1b5ff690
0x0000004c1b5ff668:   000000008a5e1214 00000218993ae201
0x0000004c1b5ff678:   00000218993a3978 0000000100035a60
0x0000004c1b5ff688:   00007ffe878b5171 0000000000000005
0x0000004c1b5ff698:   0000004c1b5ff7d8 0000000089efefb0
0x0000004c1b5ff6a8:   00000218993b6620 00000218993b6620
0x0000004c1b5ff6b8:   00007ffe878c6043 0000000089efefb0 

Instructions: (pc=0x00007ffe87767656)
0x00007ffe87767556:   43 08 81 78 08 00 00 00 c0 73 7d 48 8b 4f 38 48
0x00007ffe87767566:   8b d3 48 8b 01 ff 50 20 84 c0 75 6c 38 05 99 5b
0x00007ffe87767576:   8d 00 74 15 8b 53 08 8b 0d 95 c8 88 00 48 d3 e2
0x00007ffe87767586:   48 03 15 83 c8 88 00 eb 04 48 8b 53 08 48 8b cb
0x00007ffe87767596:   48 89 5c 24 20 e8 b0 00 00 00 80 7f 30 00 48 63
0x00007ffe877675a6:   c8 48 89 4c 24 28 0f 28 44 24 20 74 17 0f 11 86
0x00007ffe877675b6:   98 03 00 00 48 8b 5c 24 40 48 8b 74 24 48 48 83
0x00007ffe877675c6:   c4 30 5f c3 48 8b 07 48 8d 54 24 20 48 8b cf 66
0x00007ffe877675d6:   0f 7f 44 24 20 ff 50 38 48 8b 5c 24 40 48 8b 74
0x00007ffe877675e6:   24 48 48 83 c4 30 5f c3 cc cc 40 53 48 83 ec 30
0x00007ffe877675f6:   0f 10 82 98 03 00 00 48 8b da 0f 10 c8 66 0f 73
0x00007ffe87767606:   d9 08 66 48 0f 7e c8 48 85 c0 74 28 48 8b 01 48
0x00007ffe87767616:   8d 54 24 20 0f 29 44 24 20 ff 50 40 33 c0 48 89
0x00007ffe87767626:   44 24 20 48 89 44 24 28 0f 10 44 24 20 0f 11 83
0x00007ffe87767636:   98 03 00 00 48 83 c4 30 5b c3 48 8b 49 38 48 8b
0x00007ffe87767646:   01 48 ff 60 28 cc cc cc cc cc 4c 8b ca 48 8b d1
0x00007ffe87767656:   45 8b 41 08 45 85 c0 7e 0e 41 f6 c0 01 75 56 41
0x00007ffe87767666:   c1 f8 03 41 8b c0 c3 79 4c 80 3d 9b 5a 8d 00 00
0x00007ffe87767676:   b8 0c 00 00 00 b9 10 00 00 00 0f 45 c8 8b 05 ff
0x00007ffe87767686:   10 87 00 ff c8 4c 63 c8 48 63 14 11 41 8b c8 83
0x00007ffe87767696:   e1 3f 48 d3 e2 41 8b c8 48 c1 f9 10 0f b6 c1 49
0x00007ffe877676a6:   8d 0c 11 49 f7 d1 48 03 c1 49 c1 e9 03 48 c1 e8
0x00007ffe877676b6:   03 41 23 c1 c3 49 8b 01 49 8b c9 48 ff a0 10 01
0x00007ffe877676c6:   00 00 cc cc cc cc cc cc cc cc 48 83 ec 38 48 8b
0x00007ffe877676d6:   c1 48 8b 49 38 80 79 08 00 74 04 48 8b 48 38 0f
0x00007ffe877676e6:   10 02 48 8d 54 24 20 0f 29 44 24 20 e8 c9 f0 ff
0x00007ffe877676f6:   ff 48 83 c4 38 c3 cc cc cc cc 48 83 ec 38 0f 10
0x00007ffe87767706:   02 48 8b 01 48 8d 54 24 20 0f 29 44 24 20 ff 50
0x00007ffe87767716:   38 48 83 c4 38 c3 cc cc cc cc 48 89 5c 24 08 55
0x00007ffe87767726:   56 57 41 54 41 55 41 56 41 57 48 8d 6c 24 e0 48
0x00007ffe87767736:   81 ec 20 01 00 00 48 8b 05 4d 4e 8a 00 48 33 c4
0x00007ffe87767746:   48 89 45 10 48 8b 05 7f c6 8c 00 45 33 ed 4c 8b 


Stack slot to memory mapping:
stack at sp + 0 slots: 0x00007ffe878bdaef jvm.dll
stack at sp + 1 slots: 0x0 is NULL
stack at sp + 2 slots: 0x00007ffe878bdaef jvm.dll
stack at sp + 3 slots: 0x01d8e7db8b7a2a46 is an unknown value
stack at sp + 4 slots: 0x0 is NULL
stack at sp + 5 slots: 0x0000000100035ca8 is a pointer to class: 
java.util.HashMap$TreeNode {0x0000000100035cb0}
stack at sp + 6 slots: 0x0000000089efefb0 is an oop: java.util.LinkedHashMap$Entry 
{0x0000000089efefb0} - klass: 'java/util/LinkedHashMap$Entry'
stack at sp + 7 slots: 0x0 is NULL


---------------  P R O C E S S  ---------------

Threads class SMR info:
_java_thread_list=0x00000218c2f2eed0, length=46, elements={
0x0000021899361800, 0x00000218ba3e8000, 0x00000218ba3f2800, 0x00000218ba405000,
0x00000218ba405800, 0x00000218ba408800, 0x00000218ba417000, 0x00000218ba419000,
0x00000218ba42d000, 0x00000218baeef800, 0x00000218bce2d000, 0x00000218bc9bc800,
0x00000218bce3d000, 0x00000218bbc0e800, 0x00000218bbc0f000, 0x00000218bbc11800,
0x00000218bbc0d800, 0x00000218bbc0c800, 0x00000218bedf6000, 0x00000218bedf7800,
0x00000218bedf4000, 0x00000218bedfa000, 0x00000218bedf5000, 0x00000218bedfb800,
0x00000218bedfc800, 0x00000218bedf8800, 0x00000218bedf6800, 0x00000218bedff000,
0x00000218bd23b000, 0x00000218bd238800, 0x00000218c41a5000, 0x00000218bd23c800,
0x00000218cce3c800, 0x00000218bd235800, 0x00000218bd232000, 0x00000218bd233800,
0x00000218bd233000, 0x00000218bd234800, 0x00000218bd236000, 0x00000218bd237000,
0x00000218bd231800, 0x00000218bd23d800, 0x00000218bd238000, 0x00000218bd23c000,
0x00000218bd23a800, 0x00000218bd239800
}

Java Threads: ( => current thread )
  0x0000021899361800 JavaThread "main" [_thread_blocked, id=14904, stack(0x0000004c1b200000,0x0000004c1b300000)]
  0x00000218ba3e8000 JavaThread "Reference Handler" daemon [_thread_blocked, id=14152, stack(0x0000004c1b900000,0x0000004c1ba00000)]
  0x00000218ba3f2800 JavaThread "Finalizer" daemon [_thread_blocked, id=1580, stack(0x0000004c1ba00000,0x0000004c1bb00000)]
  0x00000218ba405000 JavaThread "Signal Dispatcher" daemon [_thread_blocked, id=11940, stack(0x0000004c1bb00000,0x0000004c1bc00000)]
  0x00000218ba405800 JavaThread "Attach Listener" daemon [_thread_blocked, id=6616, stack(0x0000004c1bc00000,0x0000004c1bd00000)]
  0x00000218ba408800 JavaThread "Service Thread" daemon [_thread_blocked, id=4336, stack(0x0000004c1bd00000,0x0000004c1be00000)]
  0x00000218ba417000 JavaThread "C2 CompilerThread0" daemon [_thread_blocked, id=17184, stack(0x0000004c1be00000,0x0000004c1bf00000)]
  0x00000218ba419000 JavaThread "C1 CompilerThread0" daemon [_thread_blocked, id=9040, stack(0x0000004c1bf00000,0x0000004c1c000000)]
  0x00000218ba42d000 JavaThread "Sweeper thread" daemon [_thread_blocked, id=18172, stack(0x0000004c1c000000,0x0000004c1c100000)]
  0x00000218baeef800 JavaThread "Common-Cleaner" daemon [_thread_blocked, id=300, stack(0x0000004c1c100000,0x0000004c1c200000)]
  0x00000218bce2d000 JavaThread "Daemon health stats" [_thread_blocked, id=14052, stack(0x0000004c1c500000,0x0000004c1c600000)]
  0x00000218bc9bc800 JavaThread "Incoming local TCP Connector on port 11095" [_thread_in_native, id=2072, stack(0x0000004c1c600000,0x0000004c1c700000)]
  0x00000218bce3d000 JavaThread "Daemon periodic checks" [_thread_blocked, id=3184, stack(0x0000004c1c700000,0x0000004c1c800000)]
  0x00000218bbc0e800 JavaThread "Cache worker for journal cache (C:\Users\Micha\.gradle\caches\journal-1)" [_thread_blocked, id=2540, stack(0x0000004c1d400000,0x0000004c1d500000)]
  0x00000218bbc0f000 JavaThread "File lock request listener" [_thread_in_native, id=15740, stack(0x0000004c1d500000,0x0000004c1d600000)]
  0x00000218bbc11800 JavaThread "Cache worker for file hash cache (C:\Users\Micha\.gradle\caches\7.3.3\fileHashes)" [_thread_blocked, id=17584, stack(0x0000004c1d600000,0x0000004c1d700000)]
  0x00000218bbc0d800 JavaThread "File watcher server" daemon [_thread_in_native, id=2364, stack(0x0000004c1d900000,0x0000004c1da00000)]
  0x00000218bbc0c800 JavaThread "File watcher consumer" daemon [_thread_blocked, id=3828, stack(0x0000004c1da00000,0x0000004c1db00000)]
  0x00000218bedf6000 JavaThread "Cache worker for execution history cache (C:\Users\Micha\.gradle\caches\7.3.3\executionHistory)" [_thread_blocked, id=4852, stack(0x0000004c1de00000,0x0000004c1df00000)]
  0x00000218bedf7800 JavaThread "jar transforms" [_thread_blocked, id=18084, stack(0x0000004c1df00000,0x0000004c1e000000)]
  0x00000218bedf4000 JavaThread "jar transforms Thread 2" [_thread_blocked, id=12724, stack(0x0000004c1e000000,0x0000004c1e100000)]
  0x00000218bedfa000 JavaThread "Cache worker for file content cache (C:\Users\Micha\.gradle\caches\7.3.3\fileContent)" [_thread_blocked, id=15084, stack(0x0000004c1e100000,0x0000004c1e200000)]
  0x00000218bedf5000 JavaThread "jar transforms Thread 3" [_thread_blocked, id=18116, stack(0x0000004c1e200000,0x0000004c1e300000)]
  0x00000218bedfb800 JavaThread "jar transforms Thread 4" [_thread_blocked, id=9036, stack(0x0000004c1e300000,0x0000004c1e400000)]
  0x00000218bedfc800 JavaThread "Cache worker for kotlin-dsl (C:\Users\Micha\.gradle\caches\7.3.3\kotlin-dsl)" [_thread_blocked, id=8184, stack(0x0000004c1af00000,0x0000004c1b000000)]
  0x00000218bedf8800 JavaThread "jar transforms Thread 5" [_thread_blocked, id=17992, stack(0x0000004c1b000000,0x0000004c1b100000)]
  0x00000218bedf6800 JavaThread "jar transforms Thread 6" [_thread_blocked, id=15344, stack(0x0000004c1e600000,0x0000004c1e700000)]
  0x00000218bedff000 JavaThread "jar transforms Thread 7" [_thread_blocked, id=12888, stack(0x0000004c1e900000,0x0000004c1ea00000)]
  0x00000218bd23b000 JavaThread "jar transforms Thread 8" [_thread_blocked, id=10788, stack(0x0000004c20b00000,0x0000004c20c00000)]
  0x00000218bd238800 JavaThread "Memory manager" [_thread_blocked, id=6408, stack(0x0000004c1b100000,0x0000004c1b200000)]
  0x00000218c41a5000 JavaThread "Monitor" [_thread_in_native, id=18196, stack(0x0000004c24e00000,0x0000004c24f00000)]
  0x00000218bd23c800 JavaThread "JdwpProxyConnection" [_thread_in_native, id=13676, stack(0x0000004c22d00000,0x0000004c22e00000)]
  0x00000218cce3c800 JavaThread "Device List Monitor" [_thread_in_native, id=3672, stack(0x0000004c24d00000,0x0000004c24e00000)]
  0x00000218bd235800 JavaThread "Daemon Thread 3" [_thread_blocked, id=4056, stack(0x0000004c1c800000,0x0000004c1c900000)]
  0x00000218bd232000 JavaThread "Handler for socket connection from /127.0.0.1:11095 to /127.0.0.1:2746" [_thread_in_native, id=7456, stack(0x0000004c1c900000,0x0000004c1ca00000)]
  0x00000218bd233800 JavaThread "Cancel handler" [_thread_blocked, id=14544, stack(0x0000004c1ca00000,0x0000004c1cb00000)]
  0x00000218bd233000 JavaThread "Daemon worker Thread 3" [_thread_in_native, id=6280, stack(0x0000004c1cb00000,0x0000004c1cc00000)]
  0x00000218bd234800 JavaThread "Asynchronous log dispatcher for DefaultDaemonConnection: socket connection from /127.0.0.1:11095 to /127.0.0.1:2746" [_thread_blocked, id=4356, stack(0x0000004c1cc00000,0x0000004c1cd00000)]
  0x00000218bd236000 JavaThread "Stdin handler" [_thread_blocked, id=16236, stack(0x0000004c1cd00000,0x0000004c1ce00000)]
  0x00000218bd237000 JavaThread "Daemon client event forwarder" [_thread_blocked, id=16708, stack(0x0000004c1ce00000,0x0000004c1cf00000)]
  0x00000218bd231800 JavaThread "Cache worker for file hash cache (D:\DATA\Files\Documents\GitHub\PharmacyApp\android\.gradle\7.3.3\fileHashes)" [_thread_blocked, id=10044, stack(0x0000004c1d800000,0x0000004c1d900000)]
  0x00000218bd23d800 JavaThread "Cache worker for checksums cache (D:\DATA\Files\Documents\GitHub\PharmacyApp\android\.gradle\7.3.3\checksums)" [_thread_blocked, id=2876, stack(0x0000004c1db00000,0x0000004c1dc00000)]
  0x00000218bd238000 JavaThread "Cache worker for cache directory md-supplier (C:\Users\Micha\.gradle\caches\7.3.3\md-supplier)" [_thread_blocked, id=9828, stack(0x0000004c1dc00000,0x0000004c1dd00000)]
  0x00000218bd23c000 JavaThread "Cache worker for cache directory md-rule (C:\Users\Micha\.gradle\caches\7.3.3\md-rule)" [_thread_blocked, id=16364, stack(0x0000004c1dd00000,0x0000004c1de00000)]
  0x00000218bd23a800 JavaThread "Cache worker for dependencies-accessors (D:\DATA\Files\Documents\GitHub\PharmacyApp\android\.gradle\7.3.3\dependencies-accessors)" [_thread_blocked, id=4536, stack(0x0000004c1e500000,0x0000004c1e600000)]
  0x00000218bd239800 JavaThread "Cache worker for Build Output Cleanup Cache (D:\DATA\Files\Documents\GitHub\PharmacyApp\node_modules\react-native-gradle-plugin\.gradle\buildOutputCleanup)" [_thread_blocked, id=3548, stack(0x0000004c1e400000,0x0000004c1e500000)]

Other Threads:
  0x00000218ba3e2000 VMThread "VM Thread" [stack: 0x0000004c1b800000,0x0000004c1b900000] [id=7896]
  0x00000218baf0c800 WatcherThread [stack: 0x0000004c1c200000,0x0000004c1c300000] [id=15336]
  0x000002189937a000 GCTaskThread "GC Thread#0" [stack: 0x0000004c1b300000,0x0000004c1b400000] [id=11652]
  0x00000218bbe54800 GCTaskThread "GC Thread#1" [stack: 0x0000004c1c300000,0x0000004c1c400000] [id=2236]
  0x00000218bb89f800 GCTaskThread "GC Thread#2" [stack: 0x0000004c1c400000,0x0000004c1c500000] [id=14932]
  0x00000218bcf70000 GCTaskThread "GC Thread#3" [stack: 0x0000004c1cf00000,0x0000004c1d000000] [id=12456]
  0x00000218bb00f800 GCTaskThread "GC Thread#4" [stack: 0x0000004c1d000000,0x0000004c1d100000] [id=8660]
  0x00000218bcf79000 GCTaskThread "GC Thread#5" [stack: 0x0000004c1d100000,0x0000004c1d200000] [id=2676]
  0x00000218bc2bc800 GCTaskThread "GC Thread#6" [stack: 0x0000004c1d200000,0x0000004c1d300000] [id=8692]
  0x00000218bc2bd000 GCTaskThread "GC Thread#7" [stack: 0x0000004c1d300000,0x0000004c1d400000] [id=16200]
  0x00000218993ac800 ConcurrentGCThread "G1 Main Marker" [stack: 0x0000004c1b400000,0x0000004c1b500000] [id=3376]
=>0x00000218993ad800 ConcurrentGCThread "G1 Conc#0" [stack: 0x0000004c1b500000,0x0000004c1b600000] [id=17972]
  0x00000218bd2d7000 ConcurrentGCThread "G1 Conc#1" [stack: 0x0000004c1d700000,0x0000004c1d800000] [id=10404]
  0x00000218ba254800 ConcurrentGCThread "G1 Refine#0" [stack: 0x0000004c1b600000,0x0000004c1b700000] [id=10700]
  0x00000218ba255000 ConcurrentGCThread "G1 Young RemSet Sampling" [stack: 0x0000004c1b700000,0x0000004c1b800000] [id=18332]

Threads with active compile tasks:

VM state:not at safepoint (normal execution)

VM Mutex/Monitor currently owned by a thread: None

Heap address: 0x0000000080000000, size: 2048 MB, Compressed Oops mode: 32-bit
Narrow klass base: 0x0000000000000000, Narrow klass shift: 3
Compressed class space size: 528482304 Address: 0x0000000100000000

Heap:
 garbage-first heap   total 307200K, used 223353K [0x0000000080000000, 0x0000000100000000)
  region size 1024K, 11 young (11264K), 3 survivors (3072K)
 Metaspace       used 128395K, capacity 133734K, committed 133936K, reserved 632832K
  class space    used 16291K, capacity 18296K, committed 18304K, reserved 516096K
Heap Regions: E=young(eden), S=young(survivor), O=old, HS=humongous(starts), HC=humongous(continues), CS=collection set, F=free, A=archive, TAMS=top-at-mark-start (previous, next)
|   0|0x0000000080000000, 0x0000000080100000, 0x0000000080100000|100%| O|  |TAMS 0x0000000080100000, 0x0000000080100000| Untracked 
|   1|0x0000000080100000, 0x0000000080200000, 0x0000000080200000|100%| O|  |TAMS 0x0000000080200000, 0x0000000080200000| Untracked 
|   2|0x0000000080200000, 0x0000000080300000, 0x0000000080300000|100%| O|  |TAMS 0x0000000080300000, 0x0000000080300000| Untracked 
|   3|0x0000000080300000, 0x0000000080400000, 0x0000000080400000|100%|HS|  |TAMS 0x0000000080400000, 0x0000000080400000| Complete 
|   4|0x0000000080400000, 0x0000000080500000, 0x0000000080500000|100%|HC|  |TAMS 0x0000000080500000, 0x0000000080500000| Complete 
|   5|0x0000000080500000, 0x0000000080600000, 0x0000000080600000|100%|HC|  |TAMS 0x0000000080600000, 0x0000000080600000| Complete 
|   6|0x0000000080600000, 0x0000000080700000, 0x0000000080700000|100%| O|  |TAMS 0x0000000080700000, 0x0000000080700000| Untracked 
|   7|0x0000000080700000, 0x0000000080800000, 0x0000000080800000|100%| O|  |TAMS 0x0000000080800000, 0x0000000080800000| Untracked 
|   8|0x0000000080800000, 0x0000000080900000, 0x0000000080900000|100%| O|  |TAMS 0x0000000080900000, 0x0000000080900000| Untracked 
|   9|0x0000000080900000, 0x0000000080a00000, 0x0000000080a00000|100%| O|  |TAMS 0x0000000080a00000, 0x0000000080a00000| Untracked 
|  10|0x0000000080a00000, 0x0000000080b00000, 0x0000000080b00000|100%| O|  |TAMS 0x0000000080b00000, 0x0000000080b00000| Untracked 
|  11|0x0000000080b00000, 0x0000000080c00000, 0x0000000080c00000|100%| O|  |TAMS 0x0000000080c00000, 0x0000000080c00000| Untracked 
|  12|0x0000000080c00000, 0x0000000080d00000, 0x0000000080d00000|100%| O|  |TAMS 0x0000000080d00000, 0x0000000080d00000| Untracked 
|  13|0x0000000080d00000, 0x0000000080e00000, 0x0000000080e00000|100%| O|  |TAMS 0x0000000080e00000, 0x0000000080e00000| Untracked 
|  14|0x0000000080e00000, 0x0000000080f00000, 0x0000000080f00000|100%| O|  |TAMS 0x0000000080f00000, 0x0000000080f00000| Untracked 
|  15|0x0000000080f00000, 0x0000000081000000, 0x0000000081000000|100%| O|  |TAMS 0x0000000081000000, 0x0000000081000000| Untracked 
|  16|0x0000000081000000, 0x0000000081100000, 0x0000000081100000|100%| O|  |TAMS 0x0000000081100000, 0x0000000081100000| Untracked 
|  17|0x0000000081100000, 0x0000000081200000, 0x0000000081200000|100%| O|  |TAMS 0x0000000081200000, 0x0000000081200000| Untracked 
|  18|0x0000000081200000, 0x0000000081300000, 0x0000000081300000|100%| O|  |TAMS 0x0000000081300000, 0x0000000081300000| Untracked 
|  19|0x0000000081300000, 0x0000000081400000, 0x0000000081400000|100%| O|  |TAMS 0x0000000081400000, 0x0000000081400000| Untracked 
|  20|0x0000000081400000, 0x0000000081500000, 0x0000000081500000|100%| O|  |TAMS 0x0000000081500000, 0x0000000081500000| Untracked 
|  21|0x0000000081500000, 0x0000000081600000, 0x0000000081600000|100%| O|  |TAMS 0x0000000081600000, 0x0000000081600000| Untracked 
|  22|0x0000000081600000, 0x0000000081700000, 0x0000000081700000|100%| O|  |TAMS 0x0000000081700000, 0x0000000081700000| Untracked 
|  23|0x0000000081700000, 0x0000000081800000, 0x0000000081800000|100%| O|  |TAMS 0x0000000081800000, 0x0000000081800000| Untracked 
|  24|0x0000000081800000, 0x0000000081900000, 0x0000000081900000|100%| O|  |TAMS 0x0000000081900000, 0x0000000081900000| Untracked 
|  25|0x0000000081900000, 0x0000000081a00000, 0x0000000081a00000|100%| O|  |TAMS 0x0000000081a00000, 0x0000000081a00000| Untracked 
|  26|0x0000000081a00000, 0x0000000081b00000, 0x0000000081b00000|100%| O|  |TAMS 0x0000000081b00000, 0x0000000081b00000| Untracked 
|  27|0x0000000081b00000, 0x0000000081c00000, 0x0000000081c00000|100%|HS|  |TAMS 0x0000000081c00000, 0x0000000081c00000| Complete 
|  28|0x0000000081c00000, 0x0000000081d00000, 0x0000000081d00000|100%|HS|  |TAMS 0x0000000081d00000, 0x0000000081d00000| Complete 
|  29|0x0000000081d00000, 0x0000000081e00000, 0x0000000081e00000|100%|HC|  |TAMS 0x0000000081e00000, 0x0000000081e00000| Complete 
|  30|0x0000000081e00000, 0x0000000081f00000, 0x0000000081f00000|100%|HC|  |TAMS 0x0000000081f00000, 0x0000000081f00000| Complete 
|  31|0x0000000081f00000, 0x0000000082000000, 0x0000000082000000|100%| O|  |TAMS 0x0000000082000000, 0x0000000082000000| Untracked 
|  32|0x0000000082000000, 0x0000000082100000, 0x0000000082100000|100%| O|  |TAMS 0x0000000082100000, 0x0000000082100000| Untracked 
|  33|0x0000000082100000, 0x0000000082200000, 0x0000000082200000|100%| O|  |TAMS 0x0000000082200000, 0x0000000082200000| Untracked 
|  34|0x0000000082200000, 0x0000000082300000, 0x0000000082300000|100%| O|  |TAMS 0x0000000082300000, 0x0000000082300000| Untracked 
|  35|0x0000000082300000, 0x0000000082400000, 0x0000000082400000|100%| O|  |TAMS 0x0000000082400000, 0x0000000082400000| Untracked 
|  36|0x0000000082400000, 0x0000000082500000, 0x0000000082500000|100%| O|  |TAMS 0x0000000082500000, 0x0000000082500000| Untracked 
|  37|0x0000000082500000, 0x0000000082600000, 0x0000000082600000|100%| O|  |TAMS 0x0000000082600000, 0x0000000082600000| Untracked 
|  38|0x0000000082600000, 0x0000000082600000, 0x0000000082700000|  0%| F|  |TAMS 0x0000000082600000, 0x0000000082600000| Untracked 
|  39|0x0000000082700000, 0x0000000082800000, 0x0000000082800000|100%| O|  |TAMS 0x0000000082800000, 0x0000000082800000| Untracked 
|  40|0x0000000082800000, 0x0000000082900000, 0x0000000082900000|100%| O|  |TAMS 0x0000000082900000, 0x0000000082900000| Untracked 
|  41|0x0000000082900000, 0x0000000082a00000, 0x0000000082a00000|100%|HS|  |TAMS 0x0000000082a00000, 0x0000000082a00000| Complete 
|  42|0x0000000082a00000, 0x0000000082b00000, 0x0000000082b00000|100%| O|  |TAMS 0x0000000082b00000, 0x0000000082b00000| Untracked 
|  43|0x0000000082b00000, 0x0000000082c00000, 0x0000000082c00000|100%| O|  |TAMS 0x0000000082c00000, 0x0000000082c00000| Untracked 
|  44|0x0000000082c00000, 0x0000000082d00000, 0x0000000082d00000|100%| O|  |TAMS 0x0000000082d00000, 0x0000000082d00000| Untracked 
|  45|0x0000000082d00000, 0x0000000082e00000, 0x0000000082e00000|100%| O|  |TAMS 0x0000000082e00000, 0x0000000082e00000| Untracked 
|  46|0x0000000082e00000, 0x0000000082f00000, 0x0000000082f00000|100%| O|  |TAMS 0x0000000082f00000, 0x0000000082f00000| Untracked 
|  47|0x0000000082f00000, 0x0000000083000000, 0x0000000083000000|100%| O|  |TAMS 0x0000000083000000, 0x0000000083000000| Untracked 
|  48|0x0000000083000000, 0x0000000083100000, 0x0000000083100000|100%| O|  |TAMS 0x0000000083100000, 0x0000000083100000| Untracked 
|  49|0x0000000083100000, 0x0000000083200000, 0x0000000083200000|100%|HS|  |TAMS 0x0000000083200000, 0x0000000083200000| Complete 
|  50|0x0000000083200000, 0x0000000083300000, 0x0000000083300000|100%|HS|  |TAMS 0x0000000083300000, 0x0000000083300000| Complete 
|  51|0x0000000083300000, 0x0000000083400000, 0x0000000083400000|100%|HC|  |TAMS 0x0000000083400000, 0x0000000083400000| Complete 
|  52|0x0000000083400000, 0x0000000083500000, 0x0000000083500000|100%| O|  |TAMS 0x0000000083500000, 0x0000000083500000| Untracked 
|  53|0x0000000083500000, 0x0000000083600000, 0x0000000083600000|100%| O|  |TAMS 0x0000000083600000, 0x0000000083600000| Untracked 
|  54|0x0000000083600000, 0x0000000083700000, 0x0000000083700000|100%| O|  |TAMS 0x0000000083700000, 0x0000000083700000| Untracked 
|  55|0x0000000083700000, 0x0000000083800000, 0x0000000083800000|100%| O|  |TAMS 0x0000000083800000, 0x0000000083800000| Untracked 
|  56|0x0000000083800000, 0x0000000083900000, 0x0000000083900000|100%| O|  |TAMS 0x0000000083900000, 0x0000000083900000| Untracked 
|  57|0x0000000083900000, 0x0000000083a00000, 0x0000000083a00000|100%| O|  |TAMS 0x0000000083a00000, 0x0000000083a00000| Untracked 
|  58|0x0000000083a00000, 0x0000000083b00000, 0x0000000083b00000|100%| O|  |TAMS 0x0000000083b00000, 0x0000000083b00000| Untracked 
|  59|0x0000000083b00000, 0x0000000083c00000, 0x0000000083c00000|100%| O|  |TAMS 0x0000000083c00000, 0x0000000083c00000| Untracked 
|  60|0x0000000083c00000, 0x0000000083d00000, 0x0000000083d00000|100%| O|  |TAMS 0x0000000083d00000, 0x0000000083d00000| Untracked 
|  61|0x0000000083d00000, 0x0000000083e00000, 0x0000000083e00000|100%| O|  |TAMS 0x0000000083e00000, 0x0000000083e00000| Untracked 
|  62|0x0000000083e00000, 0x0000000083f00000, 0x0000000083f00000|100%| O|  |TAMS 0x0000000083f00000, 0x0000000083f00000| Untracked 
|  63|0x0000000083f00000, 0x0000000084000000, 0x0000000084000000|100%| O|  |TAMS 0x0000000084000000, 0x0000000084000000| Untracked 
|  64|0x0000000084000000, 0x0000000084100000, 0x0000000084100000|100%| O|  |TAMS 0x0000000084100000, 0x0000000084100000| Untracked 
|  65|0x0000000084100000, 0x0000000084200000, 0x0000000084200000|100%| O|  |TAMS 0x0000000084200000, 0x0000000084200000| Untracked 
|  66|0x0000000084200000, 0x0000000084300000, 0x0000000084300000|100%| O|  |TAMS 0x0000000084300000, 0x0000000084300000| Untracked 
|  67|0x0000000084300000, 0x0000000084400000, 0x0000000084400000|100%| O|  |TAMS 0x0000000084400000, 0x0000000084400000| Untracked 
|  68|0x0000000084400000, 0x0000000084500000, 0x0000000084500000|100%| O|  |TAMS 0x0000000084500000, 0x0000000084500000| Untracked 
|  69|0x0000000084500000, 0x0000000084600000, 0x0000000084600000|100%| O|  |TAMS 0x0000000084600000, 0x0000000084600000| Untracked 
|  70|0x0000000084600000, 0x0000000084700000, 0x0000000084700000|100%| O|  |TAMS 0x0000000084700000, 0x0000000084700000| Untracked 
|  71|0x0000000084700000, 0x0000000084800000, 0x0000000084800000|100%| O|  |TAMS 0x0000000084800000, 0x0000000084800000| Untracked 
|  72|0x0000000084800000, 0x0000000084900000, 0x0000000084900000|100%| O|  |TAMS 0x0000000084900000, 0x0000000084900000| Untracked 
|  73|0x0000000084900000, 0x0000000084a00000, 0x0000000084a00000|100%| O|  |TAMS 0x0000000084a00000, 0x0000000084a00000| Untracked 
|  74|0x0000000084a00000, 0x0000000084b00000, 0x0000000084b00000|100%| O|  |TAMS 0x0000000084b00000, 0x0000000084b00000| Untracked 
|  75|0x0000000084b00000, 0x0000000084c00000, 0x0000000084c00000|100%| O|  |TAMS 0x0000000084c00000, 0x0000000084c00000| Untracked 
|  76|0x0000000084c00000, 0x0000000084d00000, 0x0000000084d00000|100%| O|  |TAMS 0x0000000084d00000, 0x0000000084d00000| Untracked 
|  77|0x0000000084d00000, 0x0000000084e00000, 0x0000000084e00000|100%| O|  |TAMS 0x0000000084e00000, 0x0000000084e00000| Untracked 
|  78|0x0000000084e00000, 0x0000000084f00000, 0x0000000084f00000|100%| O|  |TAMS 0x0000000084f00000, 0x0000000084f00000| Untracked 
|  79|0x0000000084f00000, 0x0000000085000000, 0x0000000085000000|100%| O|  |TAMS 0x0000000085000000, 0x0000000085000000| Untracked 
|  80|0x0000000085000000, 0x0000000085100000, 0x0000000085100000|100%| O|  |TAMS 0x0000000085100000, 0x0000000085100000| Untracked 
|  81|0x0000000085100000, 0x0000000085200000, 0x0000000085200000|100%| O|  |TAMS 0x0000000085200000, 0x0000000085200000| Untracked 
|  82|0x0000000085200000, 0x0000000085300000, 0x0000000085300000|100%| O|  |TAMS 0x0000000085300000, 0x0000000085300000| Untracked 
|  83|0x0000000085300000, 0x0000000085400000, 0x0000000085400000|100%| O|  |TAMS 0x0000000085400000, 0x0000000085400000| Untracked 
|  84|0x0000000085400000, 0x0000000085500000, 0x0000000085500000|100%|HS|  |TAMS 0x0000000085500000, 0x0000000085500000| Complete 
|  85|0x0000000085500000, 0x0000000085600000, 0x0000000085600000|100%|HC|  |TAMS 0x0000000085600000, 0x0000000085600000| Complete 
|  86|0x0000000085600000, 0x0000000085700000, 0x0000000085700000|100%| O|  |TAMS 0x0000000085700000, 0x0000000085700000| Untracked 
|  87|0x0000000085700000, 0x0000000085800000, 0x0000000085800000|100%| O|  |TAMS 0x0000000085800000, 0x0000000085800000| Untracked 
|  88|0x0000000085800000, 0x0000000085900000, 0x0000000085900000|100%| O|  |TAMS 0x0000000085900000, 0x0000000085900000| Untracked 
|  89|0x0000000085900000, 0x0000000085a00000, 0x0000000085a00000|100%|HS|  |TAMS 0x0000000085a00000, 0x0000000085a00000| Complete 
|  90|0x0000000085a00000, 0x0000000085b00000, 0x0000000085b00000|100%|HS|  |TAMS 0x0000000085b00000, 0x0000000085b00000| Complete 
|  91|0x0000000085b00000, 0x0000000085c00000, 0x0000000085c00000|100%|HC|  |TAMS 0x0000000085c00000, 0x0000000085c00000| Complete 
|  92|0x0000000085c00000, 0x0000000085d00000, 0x0000000085d00000|100%|HC|  |TAMS 0x0000000085d00000, 0x0000000085d00000| Complete 
|  93|0x0000000085d00000, 0x0000000085e00000, 0x0000000085e00000|100%| O|  |TAMS 0x0000000085e00000, 0x0000000085e00000| Untracked 
|  94|0x0000000085e00000, 0x0000000085f00000, 0x0000000085f00000|100%| O|  |TAMS 0x0000000085f00000, 0x0000000085f00000| Untracked 
|  95|0x0000000085f00000, 0x0000000086000000, 0x0000000086000000|100%| O|  |TAMS 0x0000000086000000, 0x0000000086000000| Untracked 
|  96|0x0000000086000000, 0x0000000086100000, 0x0000000086100000|100%| O|  |TAMS 0x0000000086100000, 0x0000000086100000| Untracked 
|  97|0x0000000086100000, 0x0000000086200000, 0x0000000086200000|100%| O|  |TAMS 0x0000000086200000, 0x0000000086200000| Untracked 
|  98|0x0000000086200000, 0x0000000086300000, 0x0000000086300000|100%| O|  |TAMS 0x0000000086300000, 0x0000000086300000| Untracked 
|  99|0x0000000086300000, 0x0000000086400000, 0x0000000086400000|100%| O|  |TAMS 0x0000000086400000, 0x0000000086400000| Untracked 
| 100|0x0000000086400000, 0x0000000086500000, 0x0000000086500000|100%| O|  |TAMS 0x0000000086500000, 0x0000000086500000| Untracked 
| 101|0x0000000086500000, 0x0000000086600000, 0x0000000086600000|100%| O|  |TAMS 0x0000000086600000, 0x0000000086600000| Untracked 
| 102|0x0000000086600000, 0x0000000086700000, 0x0000000086700000|100%|HS|  |TAMS 0x0000000086700000, 0x0000000086700000| Complete 
| 103|0x0000000086700000, 0x0000000086800000, 0x0000000086800000|100%|HS|  |TAMS 0x0000000086800000, 0x0000000086800000| Complete 
| 104|0x0000000086800000, 0x0000000086900000, 0x0000000086900000|100%|HS|  |TAMS 0x0000000086900000, 0x0000000086900000| Complete 
| 105|0x0000000086900000, 0x0000000086a00000, 0x0000000086a00000|100%|HC|  |TAMS 0x0000000086a00000, 0x0000000086a00000| Complete 
| 106|0x0000000086a00000, 0x0000000086b00000, 0x0000000086b00000|100%|HC|  |TAMS 0x0000000086b00000, 0x0000000086b00000| Complete 
| 107|0x0000000086b00000, 0x0000000086c00000, 0x0000000086c00000|100%| O|  |TAMS 0x0000000086c00000, 0x0000000086c00000| Untracked 
| 108|0x0000000086c00000, 0x0000000086d00000, 0x0000000086d00000|100%| O|  |TAMS 0x0000000086d00000, 0x0000000086d00000| Untracked 
| 109|0x0000000086d00000, 0x0000000086e00000, 0x0000000086e00000|100%| O|  |TAMS 0x0000000086e00000, 0x0000000086e00000| Untracked 
| 110|0x0000000086e00000, 0x0000000086f00000, 0x0000000086f00000|100%| O|  |TAMS 0x0000000086f00000, 0x0000000086f00000| Untracked 
| 111|0x0000000086f00000, 0x0000000087000000, 0x0000000087000000|100%| O|  |TAMS 0x0000000087000000, 0x0000000087000000| Untracked 
| 112|0x0000000087000000, 0x0000000087100000, 0x0000000087100000|100%| O|  |TAMS 0x0000000087100000, 0x0000000087100000| Untracked 
| 113|0x0000000087100000, 0x0000000087200000, 0x0000000087200000|100%| O|  |TAMS 0x0000000087200000, 0x0000000087200000| Untracked 
| 114|0x0000000087200000, 0x0000000087300000, 0x0000000087300000|100%| O|  |TAMS 0x0000000087300000, 0x0000000087300000| Untracked 
| 115|0x0000000087300000, 0x0000000087400000, 0x0000000087400000|100%| O|  |TAMS 0x0000000087400000, 0x0000000087400000| Untracked 
| 116|0x0000000087400000, 0x0000000087500000, 0x0000000087500000|100%| O|  |TAMS 0x0000000087500000, 0x0000000087500000| Untracked 
| 117|0x0000000087500000, 0x0000000087600000, 0x0000000087600000|100%|HS|  |TAMS 0x0000000087600000, 0x0000000087600000| Complete 
| 118|0x0000000087600000, 0x0000000087700000, 0x0000000087700000|100%|HS|  |TAMS 0x0000000087700000, 0x0000000087700000| Complete 
| 119|0x0000000087700000, 0x0000000087800000, 0x0000000087800000|100%|HC|  |TAMS 0x0000000087800000, 0x0000000087800000| Complete 
| 120|0x0000000087800000, 0x0000000087900000, 0x0000000087900000|100%|HC|  |TAMS 0x0000000087900000, 0x0000000087900000| Complete 
| 121|0x0000000087900000, 0x0000000087a00000, 0x0000000087a00000|100%| O|  |TAMS 0x0000000087a00000, 0x0000000087a00000| Untracked 
| 122|0x0000000087a00000, 0x0000000087b00000, 0x0000000087b00000|100%| O|  |TAMS 0x0000000087b00000, 0x0000000087b00000| Untracked 
| 123|0x0000000087b00000, 0x0000000087c00000, 0x0000000087c00000|100%| O|  |TAMS 0x0000000087c00000, 0x0000000087c00000| Untracked 
| 124|0x0000000087c00000, 0x0000000087d00000, 0x0000000087d00000|100%| O|  |TAMS 0x0000000087d00000, 0x0000000087d00000| Untracked 
| 125|0x0000000087d00000, 0x0000000087e00000, 0x0000000087e00000|100%| O|  |TAMS 0x0000000087e00000, 0x0000000087e00000| Untracked 
| 126|0x0000000087e00000, 0x0000000087f00000, 0x0000000087f00000|100%| O|  |TAMS 0x0000000087f00000, 0x0000000087f00000| Untracked 
| 127|0x0000000087f00000, 0x0000000088000000, 0x0000000088000000|100%|HS|  |TAMS 0x0000000088000000, 0x0000000088000000| Complete 
| 128|0x0000000088000000, 0x0000000088100000, 0x0000000088100000|100%|HS|  |TAMS 0x0000000088100000, 0x0000000088100000| Complete 
| 129|0x0000000088100000, 0x0000000088200000, 0x0000000088200000|100%|HC|  |TAMS 0x0000000088200000, 0x0000000088200000| Complete 
| 130|0x0000000088200000, 0x0000000088300000, 0x0000000088300000|100%|HC|  |TAMS 0x0000000088300000, 0x0000000088300000| Complete 
| 131|0x0000000088300000, 0x0000000088400000, 0x0000000088400000|100%| O|  |TAMS 0x0000000088400000, 0x0000000088400000| Untracked 
| 132|0x0000000088400000, 0x0000000088500000, 0x0000000088500000|100%| O|  |TAMS 0x0000000088500000, 0x0000000088500000| Untracked 
| 133|0x0000000088500000, 0x0000000088600000, 0x0000000088600000|100%| O|  |TAMS 0x0000000088600000, 0x0000000088600000| Untracked 
| 134|0x0000000088600000, 0x0000000088700000, 0x0000000088700000|100%| O|  |TAMS 0x0000000088700000, 0x0000000088700000| Untracked 
| 135|0x0000000088700000, 0x0000000088800000, 0x0000000088800000|100%| O|  |TAMS 0x0000000088800000, 0x0000000088800000| Untracked 
| 136|0x0000000088800000, 0x0000000088900000, 0x0000000088900000|100%| O|  |TAMS 0x0000000088900000, 0x0000000088900000| Untracked 
| 137|0x0000000088900000, 0x0000000088a00000, 0x0000000088a00000|100%| O|  |TAMS 0x0000000088a00000, 0x0000000088a00000| Untracked 
| 138|0x0000000088a00000, 0x0000000088b00000, 0x0000000088b00000|100%| O|  |TAMS 0x0000000088b00000, 0x0000000088b00000| Untracked 
| 139|0x0000000088b00000, 0x0000000088c00000, 0x0000000088c00000|100%| O|  |TAMS 0x0000000088c00000, 0x0000000088c00000| Untracked 
| 140|0x0000000088c00000, 0x0000000088d00000, 0x0000000088d00000|100%| O|  |TAMS 0x0000000088d00000, 0x0000000088d00000| Untracked 
| 141|0x0000000088d00000, 0x0000000088e00000, 0x0000000088e00000|100%| O|  |TAMS 0x0000000088e00000, 0x0000000088e00000| Untracked 
| 142|0x0000000088e00000, 0x0000000088f00000, 0x0000000088f00000|100%| O|  |TAMS 0x0000000088f00000, 0x0000000088f00000| Untracked 
| 143|0x0000000088f00000, 0x0000000089000000, 0x0000000089000000|100%| O|  |TAMS 0x0000000089000000, 0x0000000089000000| Untracked 
| 144|0x0000000089000000, 0x0000000089100000, 0x0000000089100000|100%| O|  |TAMS 0x0000000089100000, 0x0000000089100000| Untracked 
| 145|0x0000000089100000, 0x0000000089200000, 0x0000000089200000|100%| O|  |TAMS 0x0000000089200000, 0x0000000089200000| Untracked 
| 146|0x0000000089200000, 0x0000000089300000, 0x0000000089300000|100%| O|  |TAMS 0x0000000089300000, 0x0000000089300000| Untracked 
| 147|0x0000000089300000, 0x0000000089400000, 0x0000000089400000|100%| O|  |TAMS 0x0000000089400000, 0x0000000089400000| Untracked 
| 148|0x0000000089400000, 0x0000000089500000, 0x0000000089500000|100%| O|  |TAMS 0x0000000089500000, 0x0000000089500000| Untracked 
| 149|0x0000000089500000, 0x0000000089600000, 0x0000000089600000|100%| O|  |TAMS 0x0000000089600000, 0x0000000089600000| Untracked 
| 150|0x0000000089600000, 0x0000000089700000, 0x0000000089700000|100%| O|  |TAMS 0x0000000089700000, 0x0000000089700000| Untracked 
| 151|0x0000000089700000, 0x0000000089800000, 0x0000000089800000|100%| O|  |TAMS 0x0000000089800000, 0x0000000089800000| Untracked 
| 152|0x0000000089800000, 0x0000000089900000, 0x0000000089900000|100%| O|  |TAMS 0x0000000089900000, 0x0000000089900000| Untracked 
| 153|0x0000000089900000, 0x0000000089a00000, 0x0000000089a00000|100%| O|  |TAMS 0x0000000089a00000, 0x0000000089a00000| Untracked 
| 154|0x0000000089a00000, 0x0000000089b00000, 0x0000000089b00000|100%| O|  |TAMS 0x0000000089b00000, 0x0000000089b00000| Untracked 
| 155|0x0000000089b00000, 0x0000000089c00000, 0x0000000089c00000|100%| O|  |TAMS 0x0000000089c00000, 0x0000000089c00000| Untracked 
| 156|0x0000000089c00000, 0x0000000089d00000, 0x0000000089d00000|100%| O|  |TAMS 0x0000000089d00000, 0x0000000089d00000| Untracked 
| 157|0x0000000089d00000, 0x0000000089e00000, 0x0000000089e00000|100%| O|  |TAMS 0x0000000089e00000, 0x0000000089e00000| Untracked 
| 158|0x0000000089e00000, 0x0000000089f00000, 0x0000000089f00000|100%| O|  |TAMS 0x0000000089f00000, 0x0000000089f00000| Untracked 
| 159|0x0000000089f00000, 0x000000008a000000, 0x000000008a000000|100%| O|  |TAMS 0x000000008a000000, 0x000000008a000000| Untracked 
| 160|0x000000008a000000, 0x000000008a100000, 0x000000008a100000|100%| O|  |TAMS 0x000000008a100000, 0x000000008a100000| Untracked 
| 161|0x000000008a100000, 0x000000008a200000, 0x000000008a200000|100%| O|  |TAMS 0x000000008a200000, 0x000000008a200000| Untracked 
| 162|0x000000008a200000, 0x000000008a300000, 0x000000008a300000|100%| O|  |TAMS 0x000000008a300000, 0x000000008a300000| Untracked 
| 163|0x000000008a300000, 0x000000008a400000, 0x000000008a400000|100%| O|  |TAMS 0x000000008a400000, 0x000000008a400000| Untracked 
| 164|0x000000008a400000, 0x000000008a500000, 0x000000008a500000|100%| O|  |TAMS 0x000000008a500000, 0x000000008a500000| Untracked 
| 165|0x000000008a500000, 0x000000008a600000, 0x000000008a600000|100%| O|  |TAMS 0x000000008a600000, 0x000000008a600000| Untracked 
| 166|0x000000008a600000, 0x000000008a700000, 0x000000008a700000|100%| O|  |TAMS 0x000000008a700000, 0x000000008a700000| Untracked 
| 167|0x000000008a700000, 0x000000008a800000, 0x000000008a800000|100%| O|  |TAMS 0x000000008a800000, 0x000000008a800000| Untracked 
| 168|0x000000008a800000, 0x000000008a800000, 0x000000008a900000|  0%| F|  |TAMS 0x000000008a800000, 0x000000008a800000| Untracked 
| 169|0x000000008a900000, 0x000000008aa00000, 0x000000008aa00000|100%| O|  |TAMS 0x000000008aa00000, 0x000000008aa00000| Untracked 
| 170|0x000000008aa00000, 0x000000008ab00000, 0x000000008ab00000|100%| O|  |TAMS 0x000000008ab00000, 0x000000008ab00000| Untracked 
| 171|0x000000008ab00000, 0x000000008ac00000, 0x000000008ac00000|100%| O|  |TAMS 0x000000008ac00000, 0x000000008ac00000| Untracked 
| 172|0x000000008ac00000, 0x000000008ad00000, 0x000000008ad00000|100%| O|  |TAMS 0x000000008ad00000, 0x000000008ad00000| Untracked 
| 173|0x000000008ad00000, 0x000000008ae00000, 0x000000008ae00000|100%| O|  |TAMS 0x000000008ae00000, 0x000000008ae00000| Untracked 
| 174|0x000000008ae00000, 0x000000008af00000, 0x000000008af00000|100%| O|  |TAMS 0x000000008af00000, 0x000000008af00000| Untracked 
| 175|0x000000008af00000, 0x000000008b000000, 0x000000008b000000|100%| O|  |TAMS 0x000000008b000000, 0x000000008b000000| Untracked 
| 176|0x000000008b000000, 0x000000008b100000, 0x000000008b100000|100%| O|  |TAMS 0x000000008b100000, 0x000000008b100000| Untracked 
| 177|0x000000008b100000, 0x000000008b200000, 0x000000008b200000|100%| O|  |TAMS 0x000000008b200000, 0x000000008b200000| Untracked 
| 178|0x000000008b200000, 0x000000008b300000, 0x000000008b300000|100%| O|  |TAMS 0x000000008b300000, 0x000000008b300000| Untracked 
| 179|0x000000008b300000, 0x000000008b400000, 0x000000008b400000|100%| O|  |TAMS 0x000000008b400000, 0x000000008b400000| Untracked 
| 180|0x000000008b400000, 0x000000008b500000, 0x000000008b500000|100%| O|  |TAMS 0x000000008b500000, 0x000000008b500000| Untracked 
| 181|0x000000008b500000, 0x000000008b500000, 0x000000008b600000|  0%| F|  |TAMS 0x000000008b500000, 0x000000008b500000| Untracked 
| 182|0x000000008b600000, 0x000000008b700000, 0x000000008b700000|100%| O|  |TAMS 0x000000008b700000, 0x000000008b700000| Untracked 
| 183|0x000000008b700000, 0x000000008b800000, 0x000000008b800000|100%| O|  |TAMS 0x000000008b800000, 0x000000008b800000| Untracked 
| 184|0x000000008b800000, 0x000000008b900000, 0x000000008b900000|100%| O|  |TAMS 0x000000008b900000, 0x000000008b900000| Untracked 
| 185|0x000000008b900000, 0x000000008ba00000, 0x000000008ba00000|100%| O|  |TAMS 0x000000008ba00000, 0x000000008ba00000| Untracked 
| 186|0x000000008ba00000, 0x000000008bb00000, 0x000000008bb00000|100%| O|  |TAMS 0x000000008bb00000, 0x000000008bb00000| Untracked 
| 187|0x000000008bb00000, 0x000000008bb00000, 0x000000008bc00000|  0%| F|  |TAMS 0x000000008bb00000, 0x000000008bb00000| Untracked 
| 188|0x000000008bc00000, 0x000000008bd00000, 0x000000008bd00000|100%| O|  |TAMS 0x000000008bd00000, 0x000000008bd00000| Untracked 
| 189|0x000000008bd00000, 0x000000008be00000, 0x000000008be00000|100%| O|  |TAMS 0x000000008be00000, 0x000000008be00000| Untracked 
| 190|0x000000008be00000, 0x000000008bf00000, 0x000000008bf00000|100%| O|  |TAMS 0x000000008bf00000, 0x000000008bf00000| Untracked 
| 191|0x000000008bf00000, 0x000000008c000000, 0x000000008c000000|100%| O|  |TAMS 0x000000008c000000, 0x000000008c000000| Untracked 
| 192|0x000000008c000000, 0x000000008c100000, 0x000000008c100000|100%| O|  |TAMS 0x000000008c100000, 0x000000008c100000| Untracked 
| 193|0x000000008c100000, 0x000000008c200000, 0x000000008c200000|100%| O|  |TAMS 0x000000008c200000, 0x000000008c200000| Untracked 
| 194|0x000000008c200000, 0x000000008c300000, 0x000000008c300000|100%| O|  |TAMS 0x000000008c300000, 0x000000008c300000| Untracked 
| 195|0x000000008c300000, 0x000000008c400000, 0x000000008c400000|100%| O|  |TAMS 0x000000008c400000, 0x000000008c400000| Untracked 
| 196|0x000000008c400000, 0x000000008c500000, 0x000000008c500000|100%| O|  |TAMS 0x000000008c500000, 0x000000008c500000| Untracked 
| 197|0x000000008c500000, 0x000000008c600000, 0x000000008c600000|100%| O|  |TAMS 0x000000008c600000, 0x000000008c600000| Untracked 
| 198|0x000000008c600000, 0x000000008c700000, 0x000000008c700000|100%| O|  |TAMS 0x000000008c700000, 0x000000008c700000| Untracked 
| 199|0x000000008c700000, 0x000000008c800000, 0x000000008c800000|100%| O|  |TAMS 0x000000008c800000, 0x000000008c800000| Untracked 
| 200|0x000000008c800000, 0x000000008c900000, 0x000000008c900000|100%| O|  |TAMS 0x000000008c900000, 0x000000008c900000| Untracked 
| 201|0x000000008c900000, 0x000000008c900000, 0x000000008ca00000|  0%| F|  |TAMS 0x000000008c900000, 0x000000008c900000| Untracked 
| 202|0x000000008ca00000, 0x000000008cb00000, 0x000000008cb00000|100%| O|  |TAMS 0x000000008cb00000, 0x000000008cb00000| Untracked 
| 203|0x000000008cb00000, 0x000000008cbb6200, 0x000000008cc00000| 71%| O|  |TAMS 0x000000008cbb6200, 0x000000008cbb6200| Untracked 
| 204|0x000000008cc00000, 0x000000008cc00000, 0x000000008cd00000|  0%| F|  |TAMS 0x000000008cc00000, 0x000000008cc00000| Untracked 
| 205|0x000000008cd00000, 0x000000008ce00000, 0x000000008ce00000|100%| O|  |TAMS 0x000000008ce00000, 0x000000008ce00000| Untracked 
| 206|0x000000008ce00000, 0x000000008cf00000, 0x000000008cf00000|100%| O|  |TAMS 0x000000008cf00000, 0x000000008cf00000| Untracked 
| 207|0x000000008cf00000, 0x000000008d000000, 0x000000008d000000|100%| O|  |TAMS 0x000000008d000000, 0x000000008d000000| Untracked 
| 208|0x000000008d000000, 0x000000008d100000, 0x000000008d100000|100%| O|  |TAMS 0x000000008d100000, 0x000000008d100000| Untracked 
| 209|0x000000008d100000, 0x000000008d200000, 0x000000008d200000|100%| O|  |TAMS 0x000000008d200000, 0x000000008d200000| Untracked 
| 210|0x000000008d200000, 0x000000008d300000, 0x000000008d300000|100%| O|  |TAMS 0x000000008d300000, 0x000000008d300000| Untracked 
| 211|0x000000008d300000, 0x000000008d400000, 0x000000008d400000|100%| O|  |TAMS 0x000000008d400000, 0x000000008d400000| Untracked 
| 212|0x000000008d400000, 0x000000008d500000, 0x000000008d500000|100%| O|  |TAMS 0x000000008d500000, 0x000000008d500000| Untracked 
| 213|0x000000008d500000, 0x000000008d600000, 0x000000008d600000|100%| O|  |TAMS 0x000000008d600000, 0x000000008d600000| Untracked 
| 214|0x000000008d600000, 0x000000008d700000, 0x000000008d700000|100%| O|  |TAMS 0x000000008d700000, 0x000000008d700000| Untracked 
| 215|0x000000008d700000, 0x000000008d700000, 0x000000008d800000|  0%| F|  |TAMS 0x000000008d700000, 0x000000008d700000| Untracked 
| 216|0x000000008d800000, 0x000000008d800000, 0x000000008d900000|  0%| F|  |TAMS 0x000000008d800000, 0x000000008d800000| Untracked 
| 217|0x000000008d900000, 0x000000008d900000, 0x000000008da00000|  0%| F|  |TAMS 0x000000008d900000, 0x000000008d900000| Untracked 
| 218|0x000000008da00000, 0x000000008da00000, 0x000000008db00000|  0%| F|  |TAMS 0x000000008da00000, 0x000000008da00000| Untracked 
| 219|0x000000008db00000, 0x000000008db00000, 0x000000008dc00000|  0%| F|  |TAMS 0x000000008db00000, 0x000000008db00000| Untracked 
| 220|0x000000008dc00000, 0x000000008dc00000, 0x000000008dd00000|  0%| F|  |TAMS 0x000000008dc00000, 0x000000008dc00000| Untracked 
| 221|0x000000008dd00000, 0x000000008dd00000, 0x000000008de00000|  0%| F|  |TAMS 0x000000008dd00000, 0x000000008dd00000| Untracked 
| 222|0x000000008de00000, 0x000000008de00000, 0x000000008df00000|  0%| F|  |TAMS 0x000000008de00000, 0x000000008de00000| Untracked 
| 223|0x000000008df00000, 0x000000008df00000, 0x000000008e000000|  0%| F|  |TAMS 0x000000008df00000, 0x000000008df00000| Untracked 
| 224|0x000000008e000000, 0x000000008e000000, 0x000000008e100000|  0%| F|  |TAMS 0x000000008e000000, 0x000000008e000000| Untracked 
| 225|0x000000008e100000, 0x000000008e100000, 0x000000008e200000|  0%| F|  |TAMS 0x000000008e100000, 0x000000008e100000| Untracked 
| 226|0x000000008e200000, 0x000000008e200000, 0x000000008e300000|  0%| F|  |TAMS 0x000000008e200000, 0x000000008e200000| Untracked 
| 227|0x000000008e300000, 0x000000008e300000, 0x000000008e400000|  0%| F|  |TAMS 0x000000008e300000, 0x000000008e300000| Untracked 
| 228|0x000000008e400000, 0x000000008e400000, 0x000000008e500000|  0%| F|  |TAMS 0x000000008e400000, 0x000000008e400000| Untracked 
| 229|0x000000008e500000, 0x000000008e500000, 0x000000008e600000|  0%| F|  |TAMS 0x000000008e500000, 0x000000008e500000| Untracked 
| 230|0x000000008e600000, 0x000000008e600000, 0x000000008e700000|  0%| F|  |TAMS 0x000000008e600000, 0x000000008e600000| Untracked 
| 231|0x000000008e700000, 0x000000008e700000, 0x000000008e800000|  0%| F|  |TAMS 0x000000008e700000, 0x000000008e700000| Untracked 
| 232|0x000000008e800000, 0x000000008e800000, 0x000000008e900000|  0%| F|  |TAMS 0x000000008e800000, 0x000000008e800000| Untracked 
| 233|0x000000008e900000, 0x000000008e900000, 0x000000008ea00000|  0%| F|  |TAMS 0x000000008e900000, 0x000000008e900000| Untracked 
| 234|0x000000008ea00000, 0x000000008ea00000, 0x000000008eb00000|  0%| F|  |TAMS 0x000000008ea00000, 0x000000008ea00000| Untracked 
| 235|0x000000008eb00000, 0x000000008eb00000, 0x000000008ec00000|  0%| F|  |TAMS 0x000000008eb00000, 0x000000008eb00000| Untracked 
| 236|0x000000008ec00000, 0x000000008ec00000, 0x000000008ed00000|  0%| F|  |TAMS 0x000000008ec00000, 0x000000008ec00000| Untracked 
| 237|0x000000008ed00000, 0x000000008ed00000, 0x000000008ee00000|  0%| F|  |TAMS 0x000000008ed00000, 0x000000008ed00000| Untracked 
| 238|0x000000008ee00000, 0x000000008ee00000, 0x000000008ef00000|  0%| F|  |TAMS 0x000000008ee00000, 0x000000008ee00000| Untracked 
| 239|0x000000008ef00000, 0x000000008ef00000, 0x000000008f000000|  0%| F|  |TAMS 0x000000008ef00000, 0x000000008ef00000| Untracked 
| 240|0x000000008f000000, 0x000000008f000000, 0x000000008f100000|  0%| F|  |TAMS 0x000000008f000000, 0x000000008f000000| Untracked 
| 241|0x000000008f100000, 0x000000008f100000, 0x000000008f200000|  0%| F|  |TAMS 0x000000008f100000, 0x000000008f100000| Untracked 
| 242|0x000000008f200000, 0x000000008f200000, 0x000000008f300000|  0%| F|  |TAMS 0x000000008f200000, 0x000000008f200000| Untracked 
| 243|0x000000008f300000, 0x000000008f300000, 0x000000008f400000|  0%| F|  |TAMS 0x000000008f300000, 0x000000008f300000| Untracked 
| 244|0x000000008f400000, 0x000000008f400000, 0x000000008f500000|  0%| F|  |TAMS 0x000000008f400000, 0x000000008f400000| Untracked 
| 245|0x000000008f500000, 0x000000008f500000, 0x000000008f600000|  0%| F|  |TAMS 0x000000008f500000, 0x000000008f500000| Untracked 
| 246|0x000000008f600000, 0x000000008f600000, 0x000000008f700000|  0%| F|  |TAMS 0x000000008f600000, 0x000000008f600000| Untracked 
| 247|0x000000008f700000, 0x000000008f700000, 0x000000008f800000|  0%| F|  |TAMS 0x000000008f700000, 0x000000008f700000| Untracked 
| 248|0x000000008f800000, 0x000000008f800000, 0x000000008f900000|  0%| F|  |TAMS 0x000000008f800000, 0x000000008f800000| Untracked 
| 249|0x000000008f900000, 0x000000008f900000, 0x000000008fa00000|  0%| F|  |TAMS 0x000000008f900000, 0x000000008f900000| Untracked 
| 250|0x000000008fa00000, 0x000000008fa00000, 0x000000008fb00000|  0%| F|  |TAMS 0x000000008fa00000, 0x000000008fa00000| Untracked 
| 251|0x000000008fb00000, 0x000000008fb00000, 0x000000008fc00000|  0%| F|  |TAMS 0x000000008fb00000, 0x000000008fb00000| Untracked 
| 252|0x000000008fc00000, 0x000000008fc00000, 0x000000008fd00000|  0%| F|  |TAMS 0x000000008fc00000, 0x000000008fc00000| Untracked 
| 253|0x000000008fd00000, 0x000000008fd00000, 0x000000008fe00000|  0%| F|  |TAMS 0x000000008fd00000, 0x000000008fd00000| Untracked 
| 254|0x000000008fe00000, 0x000000008fe00000, 0x000000008ff00000|  0%| F|  |TAMS 0x000000008fe00000, 0x000000008fe00000| Untracked 
| 255|0x000000008ff00000, 0x000000008ff00000, 0x0000000090000000|  0%| F|  |TAMS 0x000000008ff00000, 0x000000008ff00000| Untracked 
| 256|0x0000000090000000, 0x0000000090000000, 0x0000000090100000|  0%| F|  |TAMS 0x0000000090000000, 0x0000000090000000| Untracked 
| 257|0x0000000090100000, 0x0000000090100000, 0x0000000090200000|  0%| F|  |TAMS 0x0000000090100000, 0x0000000090100000| Untracked 
| 258|0x0000000090200000, 0x0000000090200000, 0x0000000090300000|  0%| F|  |TAMS 0x0000000090200000, 0x0000000090200000| Untracked 
| 259|0x0000000090300000, 0x0000000090300000, 0x0000000090400000|  0%| F|  |TAMS 0x0000000090300000, 0x0000000090300000| Untracked 
| 260|0x0000000090400000, 0x0000000090400000, 0x0000000090500000|  0%| F|  |TAMS 0x0000000090400000, 0x0000000090400000| Untracked 
| 261|0x0000000090500000, 0x0000000090500000, 0x0000000090600000|  0%| F|  |TAMS 0x0000000090500000, 0x0000000090500000| Untracked 
| 262|0x0000000090600000, 0x0000000090668350, 0x0000000090700000| 40%| S|CS|TAMS 0x0000000090600000, 0x0000000090600000| Complete 
| 263|0x0000000090700000, 0x0000000090800000, 0x0000000090800000|100%| S|CS|TAMS 0x0000000090700000, 0x0000000090700000| Complete 
| 264|0x0000000090800000, 0x0000000090900000, 0x0000000090900000|100%| S|CS|TAMS 0x0000000090800000, 0x0000000090800000| Complete 
| 265|0x0000000090900000, 0x0000000090900000, 0x0000000090a00000|  0%| F|  |TAMS 0x0000000090900000, 0x0000000090900000| Untracked 
| 266|0x0000000090a00000, 0x0000000090a00000, 0x0000000090b00000|  0%| F|  |TAMS 0x0000000090a00000, 0x0000000090a00000| Untracked 
| 267|0x0000000090b00000, 0x0000000090b00000, 0x0000000090c00000|  0%| F|  |TAMS 0x0000000090b00000, 0x0000000090b00000| Untracked 
| 268|0x0000000090c00000, 0x0000000090c00000, 0x0000000090d00000|  0%| F|  |TAMS 0x0000000090c00000, 0x0000000090c00000| Untracked 
| 269|0x0000000090d00000, 0x0000000090d00000, 0x0000000090e00000|  0%| F|  |TAMS 0x0000000090d00000, 0x0000000090d00000| Untracked 
| 270|0x0000000090e00000, 0x0000000090e00000, 0x0000000090f00000|  0%| F|  |TAMS 0x0000000090e00000, 0x0000000090e00000| Untracked 
| 271|0x0000000090f00000, 0x0000000090f00000, 0x0000000091000000|  0%| F|  |TAMS 0x0000000090f00000, 0x0000000090f00000| Untracked 
| 272|0x0000000091000000, 0x0000000091000000, 0x0000000091100000|  0%| F|  |TAMS 0x0000000091000000, 0x0000000091000000| Untracked 
| 273|0x0000000091100000, 0x0000000091100000, 0x0000000091200000|  0%| F|  |TAMS 0x0000000091100000, 0x0000000091100000| Untracked 
| 274|0x0000000091200000, 0x0000000091200000, 0x0000000091300000|  0%| F|  |TAMS 0x0000000091200000, 0x0000000091200000| Untracked 
| 275|0x0000000091300000, 0x0000000091300000, 0x0000000091400000|  0%| F|  |TAMS 0x0000000091300000, 0x0000000091300000| Untracked 
| 276|0x0000000091400000, 0x0000000091400000, 0x0000000091500000|  0%| F|  |TAMS 0x0000000091400000, 0x0000000091400000| Untracked 
| 277|0x0000000091500000, 0x0000000091500000, 0x0000000091600000|  0%| F|  |TAMS 0x0000000091500000, 0x0000000091500000| Untracked 
| 278|0x0000000091600000, 0x0000000091600000, 0x0000000091700000|  0%| F|  |TAMS 0x0000000091600000, 0x0000000091600000| Untracked 
| 279|0x0000000091700000, 0x0000000091700000, 0x0000000091800000|  0%| F|  |TAMS 0x0000000091700000, 0x0000000091700000| Untracked 
| 280|0x0000000091800000, 0x0000000091800000, 0x0000000091900000|  0%| F|  |TAMS 0x0000000091800000, 0x0000000091800000| Untracked 
| 281|0x0000000091900000, 0x0000000091900000, 0x0000000091a00000|  0%| F|  |TAMS 0x0000000091900000, 0x0000000091900000| Untracked 
| 282|0x0000000091a00000, 0x0000000091a00000, 0x0000000091b00000|  0%| F|  |TAMS 0x0000000091a00000, 0x0000000091a00000| Untracked 
| 283|0x0000000091b00000, 0x0000000091b00000, 0x0000000091c00000|  0%| F|  |TAMS 0x0000000091b00000, 0x0000000091b00000| Untracked 
| 284|0x0000000091c00000, 0x0000000091c00000, 0x0000000091d00000|  0%| F|  |TAMS 0x0000000091c00000, 0x0000000091c00000| Untracked 
| 285|0x0000000091d00000, 0x0000000091d00000, 0x0000000091e00000|  0%| F|  |TAMS 0x0000000091d00000, 0x0000000091d00000| Untracked 
| 286|0x0000000091e00000, 0x0000000091e00000, 0x0000000091f00000|  0%| F|  |TAMS 0x0000000091e00000, 0x0000000091e00000| Untracked 
| 287|0x0000000091f00000, 0x0000000091f00000, 0x0000000092000000|  0%| F|  |TAMS 0x0000000091f00000, 0x0000000091f00000| Untracked 
| 288|0x0000000092000000, 0x0000000092000000, 0x0000000092100000|  0%| F|  |TAMS 0x0000000092000000, 0x0000000092000000| Untracked 
| 289|0x0000000092100000, 0x0000000092100000, 0x0000000092200000|  0%| F|  |TAMS 0x0000000092100000, 0x0000000092100000| Untracked 
| 290|0x0000000092200000, 0x0000000092200000, 0x0000000092300000|  0%| F|  |TAMS 0x0000000092200000, 0x0000000092200000| Untracked 
| 291|0x0000000092300000, 0x0000000092300000, 0x0000000092400000|  0%| F|  |TAMS 0x0000000092300000, 0x0000000092300000| Untracked 
| 292|0x0000000092400000, 0x0000000092499320, 0x0000000092500000| 59%| E|  |TAMS 0x0000000092400000, 0x0000000092400000| Complete 
| 293|0x0000000092500000, 0x0000000092600000, 0x0000000092600000|100%| E|CS|TAMS 0x0000000092500000, 0x0000000092500000| Complete 
| 294|0x0000000092600000, 0x0000000092700000, 0x0000000092700000|100%| E|CS|TAMS 0x0000000092600000, 0x0000000092600000| Complete 
| 295|0x0000000092700000, 0x0000000092800000, 0x0000000092800000|100%| E|CS|TAMS 0x0000000092700000, 0x0000000092700000| Complete 
| 296|0x0000000092800000, 0x0000000092900000, 0x0000000092900000|100%| E|CS|TAMS 0x0000000092800000, 0x0000000092800000| Complete 
| 297|0x0000000092900000, 0x0000000092a00000, 0x0000000092a00000|100%| E|CS|TAMS 0x0000000092900000, 0x0000000092900000| Complete 
| 298|0x0000000092a00000, 0x0000000092b00000, 0x0000000092b00000|100%| E|CS|TAMS 0x0000000092a00000, 0x0000000092a00000| Complete 
| 299|0x0000000092b00000, 0x0000000092c00000, 0x0000000092c00000|100%| E|CS|TAMS 0x0000000092b00000, 0x0000000092b00000| Complete 

Card table byte_map: [0x00000218b3120000,0x00000218b3520000] _byte_map_base: 0x00000218b2d20000

Marking Bits (Prev, Next): (CMBitMap*) 0x00000218993a39b0, (CMBitMap*) 0x00000218993a3978
 Prev Bits: [0x00000218b5920000, 0x00000218b7920000)
 Next Bits: [0x00000218b3920000, 0x00000218b5920000)

Polling page: 0x0000021899140000

Metaspace:

Usage:
  Non-class:    112.73 MB capacity,   109.48 MB ( 97%) used,     2.82 MB (  3%) free+waste,   445.75 KB ( <1%) overhead. 
      Class:     17.87 MB capacity,    15.91 MB ( 89%) used,     1.76 MB ( 10%) free+waste,   201.19 KB (  1%) overhead. 
       Both:    130.60 MB capacity,   125.39 MB ( 96%) used,     4.58 MB (  4%) free+waste,   646.94 KB ( <1%) overhead. 

Virtual space:
  Non-class space:      114.00 MB reserved,     112.92 MB (>99%) committed 
      Class space:      504.00 MB reserved,      17.88 MB (  4%) committed 
             Both:      618.00 MB reserved,     130.80 MB ( 21%) committed 

Chunk freelists:
   Non-Class:  2.00 KB
       Class:  0 bytes
        Both:  2.00 KB

MaxMetaspaceSize: 512.00 MB
CompressedClassSpaceSize: 504.00 MB
Initial GC threshold: 20.80 MB
Current GC threshold: 217.58 MB
CDS: off

CodeHeap 'non-profiled nmethods': size=120000Kb used=16381Kb max_used=16837Kb free=103619Kb
 bounds [0x00000218aad90000, 0x00000218abe10000, 0x00000218b22c0000]
CodeHeap 'profiled nmethods': size=120000Kb used=42742Kb max_used=44990Kb free=77257Kb
 bounds [0x00000218a3860000, 0x00000218a6460000, 0x00000218aad90000]
CodeHeap 'non-nmethods': size=5760Kb used=2429Kb max_used=2491Kb free=3330Kb
 bounds [0x00000218a32c0000, 0x00000218a3540000, 0x00000218a3860000]
 total_blobs=20083 nmethods=19125 adapters=868
 compilation: enabled
              stopped_count=0, restarted_count=0
 full_count=0

Compilation events (20 events):
Event: 2600.149 Thread 0x00000218ba419000 nmethod 21004 0x00000218a3d91910 code [0x00000218a3d91bc0, 0x00000218a3d928c8]
Event: 2600.149 Thread 0x00000218ba419000 21005       3       java.lang.Thread::<init> (29 bytes)
Event: 2600.151 Thread 0x00000218ba419000 nmethod 21005 0x00000218a39cfe90 code [0x00000218a39d0100, 0x00000218a39d0ab8]
Event: 2600.151 Thread 0x00000218ba419000 21006  s    3       java.lang.Thread::nextThreadNum (10 bytes)
Event: 2600.151 Thread 0x00000218ba419000 nmethod 21006 0x00000218a3a99b90 code [0x00000218a3a99d40, 0x00000218a3a99fb8]
Event: 2600.167 Thread 0x00000218ba417000 nmethod 21003 0x00000218ab09b610 code [0x00000218ab09b7e0, 0x00000218ab09c158]
Event: 2600.181 Thread 0x00000218ba419000 21007  s    3       java.lang.Thread::setName (36 bytes)
Event: 2600.182 Thread 0x00000218ba419000 nmethod 21007 0x00000218a3931310 code [0x00000218a3931520, 0x00000218a3931b28]
Event: 2600.302 Thread 0x00000218ba419000 21008       3       org.gradle.internal.concurrent.GradleThread::setManaged (10 bytes)
Event: 2600.303 Thread 0x00000218ba419000 nmethod 21008 0x00000218a3bd1890 code [0x00000218a3bd1a80, 0x00000218a3bd1fd8]
Event: 2600.342 Thread 0x00000218ba419000 21009       3       java.lang.invoke.MethodHandleImpl::valueConversion (324 bytes)
Event: 2600.347 Thread 0x00000218ba419000 nmethod 21009 0x00000218a3ff8f90 code [0x00000218a3ff92a0, 0x00000218a3ffa3a8]
Event: 2600.347 Thread 0x00000218ba419000 21010       3       java.lang.invoke.MethodHandleImpl::getConstantHandle (21 bytes)
Event: 2600.348 Thread 0x00000218ba419000 nmethod 21010 0x00000218a39f1810 code [0x00000218a39f1a00, 0x00000218a39f1fc8]
Event: 2600.348 Thread 0x00000218ba419000 21011       3       java.lang.invoke.MethodType::changeParameterType (40 bytes)
Event: 2600.351 Thread 0x00000218ba419000 nmethod 21011 0x00000218a3de4590 code [0x00000218a3de47e0, 0x00000218a3de5058]
Event: 2600.354 Thread 0x00000218ba419000 21012       3       java.util.List::spliterator (23 bytes)
Event: 2600.355 Thread 0x00000218ba419000 nmethod 21012 0x00000218a3e0ee10 code [0x00000218a3e0f000, 0x00000218a3e0f538]
Event: 2600.364 Thread 0x00000218ba419000 21013       3       com.google.common.collect.Maps::newIdentityHashMap (8 bytes)
Event: 2600.365 Thread 0x00000218ba419000 nmethod 21013 0x00000218a38d7610 code [0x00000218a38d77e0, 0x00000218a38d7b98]

GC Heap History (20 events):
Event: 617.468 GC heap before
{Heap before GC invocations=133 (full 0):
 garbage-first heap   total 256000K, used 224370K [0x0000000080000000, 0x0000000100000000)
  region size 1024K, 13 young (13312K), 2 survivors (2048K)
 Metaspace       used 127710K, capacity 132948K, committed 133168K, reserved 632832K
  class space    used 16228K, capacity 18182K, committed 18304K, reserved 516096K
}
Event: 617.477 GC heap after
{Heap after GC invocations=134 (full 0):
 garbage-first heap   total 256000K, used 213883K [0x0000000080000000, 0x0000000100000000)
  region size 1024K, 1 young (1024K), 1 survivors (1024K)
 Metaspace       used 127710K, capacity 132948K, committed 133168K, reserved 632832K
  class space    used 16228K, capacity 18182K, committed 18304K, reserved 516096K
}
Event: 617.985 GC heap before
{Heap before GC invocations=134 (full 0):
 garbage-first heap   total 256000K, used 225147K [0x0000000080000000, 0x0000000100000000)
  region size 1024K, 12 young (12288K), 1 survivors (1024K)
 Metaspace       used 127854K, capacity 133213K, committed 133424K, reserved 632832K
  class space    used 16244K, capacity 18242K, committed 18304K, reserved 516096K
}
Event: 617.995 GC heap after
{Heap after GC invocations=135 (full 0):
 garbage-first heap   total 256000K, used 213686K [0x0000000080000000, 0x0000000100000000)
  region size 1024K, 2 young (2048K), 2 survivors (2048K)
 Metaspace       used 127854K, capacity 133213K, committed 133424K, reserved 632832K
  class space    used 16244K, capacity 18242K, committed 18304K, reserved 516096K
}
Event: 618.162 GC heap before
{Heap before GC invocations=135 (full 0):
 garbage-first heap   total 256000K, used 224950K [0x0000000080000000, 0x0000000100000000)
  region size 1024K, 13 young (13312K), 2 survivors (2048K)
 Metaspace       used 127884K, capacity 133243K, committed 133424K, reserved 632832K
  class space    used 16250K, capacity 18252K, committed 18304K, reserved 516096K
}
Event: 618.170 GC heap after
{Heap after GC invocations=136 (full 0):
 garbage-first heap   total 256000K, used 214376K [0x0000000080000000, 0x0000000100000000)
  region size 1024K, 2 young (2048K), 2 survivors (2048K)
 Metaspace       used 127884K, capacity 133243K, committed 133424K, reserved 632832K
  class space    used 16250K, capacity 18252K, committed 18304K, reserved 516096K
}
Event: 618.534 GC heap before
{Heap before GC invocations=136 (full 0):
 garbage-first heap   total 256000K, used 225640K [0x0000000080000000, 0x0000000100000000)
  region size 1024K, 13 young (13312K), 2 survivors (2048K)
 Metaspace       used 127941K, capacity 133323K, committed 133424K, reserved 632832K
  class space    used 16261K, capacity 18273K, committed 18304K, reserved 516096K
}
Event: 618.540 GC heap after
{Heap after GC invocations=137 (full 0):
 garbage-first heap   total 256000K, used 214923K [0x0000000080000000, 0x0000000100000000)
  region size 1024K, 2 young (2048K), 2 survivors (2048K)
 Metaspace       used 127941K, capacity 133323K, committed 133424K, reserved 632832K
  class space    used 16261K, capacity 18273K, committed 18304K, reserved 516096K
}
Event: 618.863 GC heap before
{Heap before GC invocations=137 (full 0):
 garbage-first heap   total 256000K, used 225163K [0x0000000080000000, 0x0000000100000000)
  region size 1024K, 12 young (12288K), 2 survivors (2048K)
 Metaspace       used 127966K, capacity 133351K, committed 133424K, reserved 632832K
  class space    used 16264K, capacity 18279K, committed 18304K, reserved 516096K
}
Event: 618.872 GC heap after
{Heap after GC invocations=138 (full 0):
 garbage-first heap   total 256000K, used 215293K [0x0000000080000000, 0x0000000100000000)
  region size 1024K, 1 young (1024K), 1 survivors (1024K)
 Metaspace       used 127966K, capacity 133351K, committed 133424K, reserved 632832K
  class space    used 16264K, capacity 18279K, committed 18304K, reserved 516096K
}
Event: 619.194 GC heap before
{Heap before GC invocations=139 (full 0):
 garbage-first heap   total 256000K, used 226557K [0x0000000080000000, 0x0000000100000000)
  region size 1024K, 12 young (12288K), 1 survivors (1024K)
 Metaspace       used 128003K, capacity 133488K, committed 133680K, reserved 632832K
  class space    used 16265K, capacity 18281K, committed 18304K, reserved 516096K
}
Event: 619.202 GC heap after
{Heap after GC invocations=140 (full 0):
 garbage-first heap   total 256000K, used 215838K [0x0000000080000000, 0x0000000100000000)
  region size 1024K, 2 young (2048K), 2 survivors (2048K)
 Metaspace       used 128003K, capacity 133488K, committed 133680K, reserved 632832K
  class space    used 16265K, capacity 18281K, committed 18304K, reserved 516096K
}
Event: 619.351 GC heap before
{Heap before GC invocations=140 (full 0):
 garbage-first heap   total 256000K, used 226078K [0x0000000080000000, 0x0000000100000000)
  region size 1024K, 12 young (12288K), 2 survivors (2048K)
 Metaspace       used 128010K, capacity 133488K, committed 133680K, reserved 632832K
  class space    used 16265K, capacity 18281K, committed 18304K, reserved 516096K
}
Event: 619.364 GC heap after
{Heap after GC invocations=141 (full 0):
 garbage-first heap   total 256000K, used 214485K [0x0000000080000000, 0x0000000100000000)
  region size 1024K, 2 young (2048K), 2 survivors (2048K)
 Metaspace       used 128010K, capacity 133488K, committed 133680K, reserved 632832K
  class space    used 16265K, capacity 18281K, committed 18304K, reserved 516096K
}
Event: 619.508 GC heap before
{Heap before GC invocations=141 (full 0):
 garbage-first heap   total 256000K, used 224725K [0x0000000080000000, 0x0000000100000000)
  region size 1024K, 12 young (12288K), 2 survivors (2048K)
 Metaspace       used 128013K, capacity 133488K, committed 133680K, reserved 632832K
  class space    used 16265K, capacity 18281K, committed 18304K, reserved 516096K
}
Event: 619.520 GC heap after
{Heap after GC invocations=142 (full 0):
 garbage-first heap   total 307200K, used 215016K [0x0000000080000000, 0x0000000100000000)
  region size 1024K, 2 young (2048K), 2 survivors (2048K)
 Metaspace       used 128013K, capacity 133488K, committed 133680K, reserved 632832K
  class space    used 16265K, capacity 18281K, committed 18304K, reserved 516096K
}
Event: 1135.183 GC heap before
{Heap before GC invocations=143 (full 0):
 garbage-first heap   total 307200K, used 245736K [0x0000000080000000, 0x0000000100000000)
  region size 1024K, 32 young (32768K), 2 survivors (2048K)
 Metaspace       used 128270K, capacity 133669K, committed 133680K, reserved 632832K
  class space    used 16291K, capacity 18296K, committed 18304K, reserved 516096K
}
Event: 1135.189 GC heap after
{Heap after GC invocations=144 (full 0):
 garbage-first heap   total 307200K, used 215484K [0x0000000080000000, 0x0000000100000000)
  region size 1024K, 2 young (2048K), 2 survivors (2048K)
 Metaspace       used 128270K, capacity 133669K, committed 133680K, reserved 632832K
  class space    used 16291K, capacity 18296K, committed 18304K, reserved 516096K
}
Event: 2599.874 GC heap before
{Heap before GC invocations=144 (full 0):
 garbage-first heap   total 307200K, used 248252K [0x0000000080000000, 0x0000000100000000)
  region size 1024K, 35 young (35840K), 2 survivors (2048K)
 Metaspace       used 128373K, capacity 133734K, committed 133936K, reserved 632832K
  class space    used 16291K, capacity 18296K, committed 18304K, reserved 516096K
}
Event: 2599.894 GC heap after
{Heap after GC invocations=145 (full 0):
 garbage-first heap   total 307200K, used 216185K [0x0000000080000000, 0x0000000100000000)
  region size 1024K, 3 young (3072K), 3 survivors (3072K)
 Metaspace       used 128373K, capacity 133734K, committed 133936K, reserved 632832K
  class space    used 16291K, capacity 18296K, committed 18304K, reserved 516096K
}

Deoptimization events (20 events):
Event: 667.850 Thread 0x00000218bd233800 Uncommon trap: trap_request=0xffffffc6 fr.pc=0x00000218ab687184 relative=0x0000000000001224
Event: 667.850 Thread 0x00000218bd233800 Uncommon trap: reason=bimorphic_or_optimized_type_check action=maybe_recompile pc=0x00000218ab687184 method=java.util.HashMap.removeNode(ILjava/lang/Object;Ljava/lang/Object;ZZ)Ljava/util/HashMap$Node; @ 143 c2
Event: 667.850 Thread 0x00000218bd233800 DEOPT PACKING pc=0x00000218ab687184 sp=0x0000004c1cbfd3b0
Event: 667.851 Thread 0x00000218bd233800 DEOPT UNPACKING pc=0x00000218a330a1af sp=0x0000004c1cbfd270 mode 2
Event: 667.919 Thread 0x00000218bd237000 Uncommon trap: trap_request=0xffffff4d fr.pc=0x00000218ab5d5188 relative=0x0000000000000688
Event: 667.919 Thread 0x00000218bd237000 Uncommon trap: reason=unstable_if action=reinterpret pc=0x00000218ab5d5188 method=com.esotericsoftware.kryo.io.Input.require(I)I @ 180 c2
Event: 667.919 Thread 0x00000218bd237000 DEOPT PACKING pc=0x00000218ab5d5188 sp=0x0000004c1c9feac0
Event: 667.919 Thread 0x00000218bd237000 DEOPT UNPACKING pc=0x00000218a330a1af sp=0x0000004c1c9fe9f8 mode 2
Event: 2574.329 Thread 0x00000218bd233000 Uncommon trap: trap_request=0xffffffc6 fr.pc=0x00000218ab5ea4f0 relative=0x0000000000000130
Event: 2574.329 Thread 0x00000218bd233000 Uncommon trap: reason=bimorphic_or_optimized_type_check action=maybe_recompile pc=0x00000218ab5ea4f0 method=java.util.Collections$UnmodifiableList.get(I)Ljava/lang/Object; @ 5 c2
Event: 2574.329 Thread 0x00000218bd233000 DEOPT PACKING pc=0x00000218ab5ea4f0 sp=0x0000004c1cbfeb60
Event: 2574.330 Thread 0x00000218bd233000 DEOPT UNPACKING pc=0x00000218a330a1af sp=0x0000004c1cbfeaf8 mode 2
Event: 2574.332 Thread 0x00000218bd233000 Uncommon trap: trap_request=0xffffffc6 fr.pc=0x00000218ab5ea4f0 relative=0x0000000000000130
Event: 2574.332 Thread 0x00000218bd233000 Uncommon trap: reason=bimorphic_or_optimized_type_check action=maybe_recompile pc=0x00000218ab5ea4f0 method=java.util.Collections$UnmodifiableList.get(I)Ljava/lang/Object; @ 5 c2
Event: 2574.332 Thread 0x00000218bd233000 DEOPT PACKING pc=0x00000218ab5ea4f0 sp=0x0000004c1cbfeb50
Event: 2574.332 Thread 0x00000218bd233000 DEOPT UNPACKING pc=0x00000218a330a1af sp=0x0000004c1cbfeae8 mode 2
Event: 2574.361 Thread 0x00000218bd233000 Uncommon trap: trap_request=0xffffffde fr.pc=0x00000218ab8b1d5c relative=0x000000000000185c
Event: 2574.361 Thread 0x00000218bd233000 Uncommon trap: reason=class_check action=maybe_recompile pc=0x00000218ab8b1d5c method=org.gradle.internal.work.DefaultWorkerLeaseService$DefaultWorkerLease.acquireLock()Z @ 4 c2
Event: 2574.361 Thread 0x00000218bd233000 DEOPT PACKING pc=0x00000218ab8b1d5c sp=0x0000004c1cbfdb80
Event: 2574.366 Thread 0x00000218bd233000 DEOPT UNPACKING pc=0x00000218a330a1af sp=0x0000004c1cbfdac8 mode 2

Classes redefined (0 events):
No events

Internal exceptions (20 events):
Event: 593.987 Thread 0x00000218bd233800 Exception <a 'sun/nio/fs/WindowsException'{0x000000008f7e3628}> (0x000000008f7e3628) thrown at [./src/hotspot/share/prims/jni.cpp, line 617]
Event: 605.334 Thread 0x00000218bd233800 Exception <a 'java/lang/NoClassDefFoundError'{0x000000008f2534f0}: org/jetbrains/kotlin/gradle/plugin/KotlinBasePluginWrapper> (0x000000008f2534f0) thrown at [./src/hotspot/share/oops/constantPool.cpp, line 775]
Event: 605.887 Thread 0x00000218bd233800 Exception <a 'java/lang/NoClassDefFoundError'{0x000000008ee96ac0}: org/jetbrains/kotlin/gradle/plugin/KotlinBasePluginWrapper> (0x000000008ee96ac0) thrown at [./src/hotspot/share/oops/constantPool.cpp, line 775]
Event: 606.437 Thread 0x00000218bd233800 Exception <a 'java/lang/NoClassDefFoundError'{0x000000008f0cd948}: org/jetbrains/kotlin/gradle/plugin/KotlinBasePluginWrapper> (0x000000008f0cd948) thrown at [./src/hotspot/share/oops/constantPool.cpp, line 775]
Event: 606.672 Thread 0x00000218bd233800 Exception <a 'java/lang/NoClassDefFoundError'{0x000000008f137570}: org/jetbrains/kotlin/gradle/plugin/KotlinBasePluginWrapper> (0x000000008f137570) thrown at [./src/hotspot/share/oops/constantPool.cpp, line 775]
Event: 606.807 Thread 0x00000218bd233800 Exception <a 'java/lang/NoClassDefFoundError'{0x000000008f8e0d40}: org/jetbrains/kotlin/gradle/plugin/KotlinBasePluginWrapper> (0x000000008f8e0d40) thrown at [./src/hotspot/share/oops/constantPool.cpp, line 775]
Event: 606.920 Thread 0x00000218bd233800 Exception <a 'java/lang/NoClassDefFoundError'{0x000000008f547930}: org/jetbrains/kotlin/gradle/plugin/KotlinBasePluginWrapper> (0x000000008f547930) thrown at [./src/hotspot/share/oops/constantPool.cpp, line 775]
Event: 608.275 Thread 0x00000218bd233800 Exception <a 'java/lang/NoClassDefFoundError'{0x000000008e09aac8}: org/jetbrains/kotlin/gradle/plugin/KotlinBasePluginWrapper> (0x000000008e09aac8) thrown at [./src/hotspot/share/oops/constantPool.cpp, line 775]
Event: 609.230 Thread 0x00000218bd233800 Exception <a 'java/lang/NoClassDefFoundError'{0x000000008f2a2288}: org/jetbrains/kotlin/gradle/plugin/KotlinBasePluginWrapper> (0x000000008f2a2288) thrown at [./src/hotspot/share/oops/constantPool.cpp, line 775]
Event: 609.777 Thread 0x00000218bd233800 Exception <a 'java/lang/NoClassDefFoundError'{0x000000008f939768}: org/jetbrains/kotlin/gradle/plugin/KotlinBasePluginWrapper> (0x000000008f939768) thrown at [./src/hotspot/share/oops/constantPool.cpp, line 775]
Event: 609.859 Thread 0x00000218bd233800 Exception <a 'java/lang/NoClassDefFoundError'{0x000000008f6c2ac8}: org/jetbrains/kotlin/gradle/plugin/KotlinBasePluginWrapper> (0x000000008f6c2ac8) thrown at [./src/hotspot/share/oops/constantPool.cpp, line 775]
Event: 610.230 Thread 0x00000218bd233800 Exception <a 'java/lang/NoClassDefFoundError'{0x000000008f411cd0}: org/jetbrains/kotlin/gradle/plugin/KotlinBasePluginWrapper> (0x000000008f411cd0) thrown at [./src/hotspot/share/oops/constantPool.cpp, line 775]
Event: 611.692 Thread 0x00000218bd233800 Implicit null exception at 0x00000218abbda659 to 0x00000218abbe236c
Event: 612.336 Thread 0x00000218bd233800 Exception <a 'sun/nio/fs/WindowsException'{0x000000008e82b7d0}> (0x000000008e82b7d0) thrown at [./src/hotspot/share/prims/jni.cpp, line 617]
Event: 612.362 Thread 0x00000218bd233800 Exception <a 'sun/nio/fs/WindowsException'{0x000000008e8c7e30}> (0x000000008e8c7e30) thrown at [./src/hotspot/share/prims/jni.cpp, line 617]
Event: 612.362 Thread 0x00000218bd233800 Exception <a 'sun/nio/fs/WindowsException'{0x000000008e8c91a8}> (0x000000008e8c91a8) thrown at [./src/hotspot/share/prims/jni.cpp, line 617]
Event: 612.363 Thread 0x00000218bd233800 Exception <a 'sun/nio/fs/WindowsException'{0x000000008e8ca570}> (0x000000008e8ca570) thrown at [./src/hotspot/share/prims/jni.cpp, line 617]
Event: 612.363 Thread 0x00000218bd233800 Exception <a 'sun/nio/fs/WindowsException'{0x000000008e8cb938}> (0x000000008e8cb938) thrown at [./src/hotspot/share/prims/jni.cpp, line 617]
Event: 612.616 Thread 0x00000218bd233800 Implicit null exception at 0x00000218abbda659 to 0x00000218abbe236c
Event: 667.724 Thread 0x00000218c6250800 Exception <a 'java/lang/NoSuchMethodError'{0x0000000091d7c8e0}: 'java.lang.Object java.lang.invoke.DirectMethodHandle$Holder.newInvokeSpecial(java.lang.Object, java.lang.Object, java.lang.Object, java.lang.Object)'> (0x0000000091d7c8e0) thrown at [./src/hotspot/share/interpreter/linkResolver.cpp, line 773]

Events (20 events):
Event: 2574.333 Thread 0x00000218bd236000 Thread added: 0x00000218bd236000
Event: 2574.334 Thread 0x00000218bd237000 Thread added: 0x00000218bd237000
Event: 2574.416 Thread 0x00000218bd231800 Thread added: 0x00000218bd231800
Event: 2574.588 Thread 0x00000218bd23d800 Thread added: 0x00000218bd23d800
Event: 2574.629 Thread 0x00000218bd238000 Thread added: 0x00000218bd238000
Event: 2574.645 Thread 0x00000218bd23c000 Thread added: 0x00000218bd23c000
Event: 2599.874 Executing VM operation: G1CollectForAllocation
Event: 2599.894 Executing VM operation: G1CollectForAllocation done
Event: 2599.911 Executing VM operation: RevokeBias
Event: 2599.912 Executing VM operation: RevokeBias done
Event: 2599.913 Thread 0x00000218cc8a6800 Thread added: 0x00000218cc8a6800
Event: 2599.939 Thread 0x00000218bd23a800 Thread added: 0x00000218bd23a800
Event: 2600.034 Executing VM operation: RevokeBias
Event: 2600.035 Executing VM operation: RevokeBias done
Event: 2600.041 Executing VM operation: RevokeBias
Event: 2600.044 Executing VM operation: RevokeBias done
Event: 2600.101 Thread 0x00000218cc8a6800 Thread exited: 0x00000218cc8a6800
Event: 2600.139 Executing VM operation: RevokeBias
Event: 2600.139 Executing VM operation: RevokeBias done
Event: 2600.182 Thread 0x00000218bd239800 Thread added: 0x00000218bd239800


Dynamic libraries:
0x00007ff68b480000 - 0x00007ff68b48d000 	C:\Program Files\OpenJDK\openjdk-11.0.15_10\bin\java.exe
0x00007fff380d0000 - 0x00007fff382e4000 	C:\WINDOWS\SYSTEM32\ntdll.dll
0x00007fff36a10000 - 0x00007fff36ad2000 	C:\WINDOWS\System32\KERNEL32.DLL
0x00007fff35750000 - 0x00007fff35aec000 	C:\WINDOWS\System32\KERNELBASE.dll
0x00007fff35db0000 - 0x00007fff35ec1000 	C:\WINDOWS\System32\ucrtbase.dll
0x00007fff0e640000 - 0x00007fff0e656000 	C:\Program Files\OpenJDK\openjdk-11.0.15_10\bin\VCRUNTIME140.dll
0x00007fff1f430000 - 0x00007fff1f448000 	C:\Program Files\OpenJDK\openjdk-11.0.15_10\bin\jli.dll
0x00007fff36560000 - 0x00007fff3670a000 	C:\WINDOWS\System32\USER32.dll
0x00007fff1ee80000 - 0x00007fff1f10e000 	C:\WINDOWS\WinSxS\amd64_microsoft.windows.common-controls_6595b64144ccf1df_6.0.22621.608_none_a9444ca7c10bb01d\COMCTL32.dll
0x00007fff35c60000 - 0x00007fff35c86000 	C:\WINDOWS\System32\win32u.dll
0x00007fff35f30000 - 0x00007fff35fd7000 	C:\WINDOWS\System32\msvcrt.dll
0x00007fff36530000 - 0x00007fff36559000 	C:\WINDOWS\System32\GDI32.dll
0x00007fff35c90000 - 0x00007fff35da2000 	C:\WINDOWS\System32\gdi32full.dll
0x00007fff35580000 - 0x00007fff3561a000 	C:\WINDOWS\System32\msvcp_win.dll
0x00007fff35ed0000 - 0x00007fff35f01000 	C:\WINDOWS\System32\IMM32.DLL
0x00007ffeef610000 - 0x00007ffeef6ba000 	C:\Program Files\OpenJDK\openjdk-11.0.15_10\bin\msvcp140.dll
0x00007ffe875c0000 - 0x00007ffe88111000 	C:\Program Files\OpenJDK\openjdk-11.0.15_10\bin\server\jvm.dll
0x00007fff37390000 - 0x00007fff3743e000 	C:\WINDOWS\System32\ADVAPI32.dll
0x00007fff37440000 - 0x00007fff374e4000 	C:\WINDOWS\System32\sechost.dll
0x00007fff36400000 - 0x00007fff36515000 	C:\WINDOWS\System32\RPCRT4.dll
0x00007fff36b50000 - 0x00007fff36b58000 	C:\WINDOWS\System32\PSAPI.DLL
0x00007fff31fd0000 - 0x00007fff31fd9000 	C:\WINDOWS\SYSTEM32\WSOCK32.dll
0x00007fff2cb60000 - 0x00007fff2cb94000 	C:\WINDOWS\SYSTEM32\WINMM.dll
0x00007fff2e620000 - 0x00007fff2e62a000 	C:\WINDOWS\SYSTEM32\VERSION.dll
0x00007fff36b60000 - 0x00007fff36bd1000 	C:\WINDOWS\System32\WS2_32.dll
0x00007fff34630000 - 0x00007fff34648000 	C:\WINDOWS\SYSTEM32\kernel.appcore.dll
0x00007fff040b0000 - 0x00007fff040c1000 	C:\Program Files\OpenJDK\openjdk-11.0.15_10\bin\verify.dll
0x00007fff32940000 - 0x00007fff32b6e000 	C:\WINDOWS\SYSTEM32\DBGHELP.DLL
0x00007fff36070000 - 0x00007fff363f9000 	C:\WINDOWS\System32\combase.dll
0x00007fff36c00000 - 0x00007fff36cd7000 	C:\WINDOWS\System32\OLEAUT32.dll
0x00007fff0f4d0000 - 0x00007fff0f502000 	C:\WINDOWS\SYSTEM32\dbgcore.DLL
0x00007fff35500000 - 0x00007fff3557b000 	C:\WINDOWS\System32\bcryptPrimitives.dll
0x00007ffeef5e0000 - 0x00007ffeef609000 	C:\Program Files\OpenJDK\openjdk-11.0.15_10\bin\java.dll
0x00007fff2be50000 - 0x00007fff2be5a000 	C:\Program Files\OpenJDK\openjdk-11.0.15_10\bin\jimage.dll
0x00007fff04090000 - 0x00007fff040a8000 	C:\Program Files\OpenJDK\openjdk-11.0.15_10\bin\zip.dll
0x00007fff37690000 - 0x00007fff37e6d000 	C:\WINDOWS\System32\SHELL32.dll
0x00007fff33520000 - 0x00007fff33dd7000 	C:\WINDOWS\SYSTEM32\windows.storage.dll
0x00007fff333e0000 - 0x00007fff3351d000 	C:\WINDOWS\SYSTEM32\wintypes.dll
0x00007fff37220000 - 0x00007fff37311000 	C:\WINDOWS\System32\SHCORE.dll
0x00007fff36af0000 - 0x00007fff36b4e000 	C:\WINDOWS\System32\shlwapi.dll
0x00007fff35430000 - 0x00007fff35451000 	C:\WINDOWS\SYSTEM32\profapi.dll
0x00007ffefe350000 - 0x00007ffefe369000 	C:\Program Files\OpenJDK\openjdk-11.0.15_10\bin\net.dll
0x00007fff2e370000 - 0x00007fff2e49f000 	C:\WINDOWS\SYSTEM32\WINHTTP.dll
0x00007fff34a90000 - 0x00007fff34af9000 	C:\WINDOWS\system32\mswsock.dll
0x00007ffef9670000 - 0x00007ffef9683000 	C:\Program Files\OpenJDK\openjdk-11.0.15_10\bin\nio.dll
0x00007ffeef5b0000 - 0x00007ffeef5d7000 	C:\Users\Micha\.gradle\native\e1d6ef7f7dcc3fd88c89a11ec53ec762bb8ba0a96d01ffa2cd45eb1d1d8dd5c5\windows-amd64\native-platform.dll
0x00007ffeef230000 - 0x00007ffeef374000 	C:\Users\Micha\.gradle\native\5664cfc778a61ccfe75a443a1ab52a65af34e5dc3c78e0209fed803814484fcb\windows-amd64\native-platform-file-events.dll
0x00007fff0e630000 - 0x00007fff0e639000 	C:\Program Files\OpenJDK\openjdk-11.0.15_10\bin\management.dll
0x00007fff06490000 - 0x00007fff0649c000 	C:\Program Files\OpenJDK\openjdk-11.0.15_10\bin\management_ext.dll
0x00007fff34cb0000 - 0x00007fff34ccb000 	C:\WINDOWS\SYSTEM32\CRYPTSP.dll
0x00007fff345a0000 - 0x00007fff345d5000 	C:\WINDOWS\system32\rsaenh.dll
0x00007fff34b50000 - 0x00007fff34b78000 	C:\WINDOWS\SYSTEM32\USERENV.dll
0x00007fff34eb0000 - 0x00007fff34ed8000 	C:\WINDOWS\SYSTEM32\bcrypt.dll
0x00007fff34ca0000 - 0x00007fff34cac000 	C:\WINDOWS\SYSTEM32\CRYPTBASE.dll
0x00007fff340e0000 - 0x00007fff3410d000 	C:\WINDOWS\SYSTEM32\IPHLPAPI.DLL
0x00007fff36ae0000 - 0x00007fff36ae9000 	C:\WINDOWS\System32\NSI.dll
0x00007fff2e350000 - 0x00007fff2e369000 	C:\WINDOWS\SYSTEM32\dhcpcsvc6.DLL
0x00007fff2e310000 - 0x00007fff2e32f000 	C:\WINDOWS\SYSTEM32\dhcpcsvc.DLL
0x00007fff34110000 - 0x00007fff34202000 	C:\WINDOWS\SYSTEM32\DNSAPI.dll
0x00007fff0e750000 - 0x00007fff0e776000 	C:\Program Files\OpenJDK\openjdk-11.0.15_10\bin\sunec.dll
0x00007fff29ed0000 - 0x00007fff29eda000 	C:\Windows\System32\rasadhlp.dll
0x00007fff2ca80000 - 0x00007fff2cb03000 	C:\WINDOWS\System32\fwpuclnt.dll
0x00007fff31ff0000 - 0x00007fff31ffe000 	C:\Program Files\OpenJDK\openjdk-11.0.15_10\bin\sunmscapi.dll
0x00007fff35af0000 - 0x00007fff35c56000 	C:\WINDOWS\System32\CRYPT32.dll
0x00007fff34e80000 - 0x00007fff34ead000 	C:\WINDOWS\SYSTEM32\ncrypt.dll
0x00007fff34e40000 - 0x00007fff34e77000 	C:\WINDOWS\SYSTEM32\NTASN1.dll

dbghelp: loaded successfully - version: 4.0.5 - missing functions: none
symbol engine: initialized successfully - sym options: 0x614 - pdb path: .;C:\Program Files\OpenJDK\openjdk-11.0.15_10\bin;C:\WINDOWS\SYSTEM32;C:\WINDOWS\WinSxS\amd64_microsoft.windows.common-controls_6595b64144ccf1df_6.0.22621.608_none_a9444ca7c10bb01d;C:\Program Files\OpenJDK\openjdk-11.0.15_10\bin\server;C:\Users\Micha\.gradle\native\e1d6ef7f7dcc3fd88c89a11ec53ec762bb8ba0a96d01ffa2cd45eb1d1d8dd5c5\windows-amd64;C:\Users\Micha\.gradle\native\5664cfc778a61ccfe75a443a1ab52a65af34e5dc3c78e0209fed803814484fcb\windows-amd64

VM Arguments:
jvm_args: -XX:MaxMetaspaceSize=512m --add-opens=java.base/java.util=ALL-UNNAMED --add-opens=java.base/java.lang=ALL-UNNAMED --add-opens=java.base/java.lang.invoke=ALL-UNNAMED --add-opens=java.base/java.util=ALL-UNNAMED --add-opens=java.prefs/java.util.prefs=ALL-UNNAMED --add-opens=java.prefs/java.util.prefs=ALL-UNNAMED --add-opens=java.base/java.nio.charset=ALL-UNNAMED --add-opens=java.base/java.net=ALL-UNNAMED --add-opens=java.base/java.util.concurrent.atomic=ALL-UNNAMED -Xmx2048m -Dfile.encoding=windows-1252 -Duser.country=DO -Duser.language=es -Duser.variant 
java_command: org.gradle.launcher.daemon.bootstrap.GradleDaemon 7.3.3
java_class_path (initial): C:\Users\Micha\.gradle\wrapper\dists\gradle-7.3.3-all\4295vidhdd9hd3gbjyw1xqxpo\gradle-7.3.3\lib\gradle-launcher-7.3.3.jar
Launcher Type: SUN_STANDARD

[Global flags]
     intx CICompilerCount                          = 4                                         {product} {ergonomic}
   size_t CompressedClassSpaceSize                 = 528482304                                 {product} {ergonomic}
     uint ConcGCThreads                            = 2                                         {product} {ergonomic}
     uint G1ConcRefinementThreads                  = 8                                         {product} {ergonomic}
   size_t G1HeapRegionSize                         = 1048576                                   {product} {ergonomic}
    uintx GCDrainStackTargetSize                   = 64                                        {product} {ergonomic}
   size_t InitialHeapSize                          = 134217728                                 {product} {ergonomic}
   size_t MarkStackSize                            = 4194304                                   {product} {ergonomic}
   size_t MaxHeapSize                              = 2147483648                                {product} {command line}
   size_t MaxMetaspaceSize                         = 536870912                                 {product} {command line}
   size_t MaxNewSize                               = 1287651328                                {product} {ergonomic}
   size_t MinHeapDeltaBytes                        = 1048576                                   {product} {ergonomic}
    uintx NonNMethodCodeHeapSize                   = 5836300                                {pd product} {ergonomic}
    uintx NonProfiledCodeHeapSize                  = 122910970                              {pd product} {ergonomic}
    uintx ProfiledCodeHeapSize                     = 122910970                              {pd product} {ergonomic}
    uintx ReservedCodeCacheSize                    = 251658240                              {pd product} {ergonomic}
     bool SegmentedCodeCache                       = true                                      {product} {ergonomic}
     bool UseCompressedClassPointers               = true                                 {lp64_product} {ergonomic}
     bool UseCompressedOops                        = true                                 {lp64_product} {ergonomic}
     bool UseG1GC                                  = true                                      {product} {ergonomic}
     bool UseLargePagesIndividualAllocation        = false                                  {pd product} {ergonomic}

Logging:
Log output configuration:
 #0: stdout all=warning uptime,level,tags
 #1: stderr all=off uptime,level,tags

Environment Variables:
JAVA_HOME=C:\Program Files\OpenJDK\openjdk-11.0.15_10
CLASSPATH=D:\DATA\Files\Documents\GitHub\PharmacyApp\android\\gradle\wrapper\gradle-wrapper.jar
PATH=D:\DATA\Files\Documents\GitHub\PharmacyApp\android\node_modules\.bin;D:\DATA\Files\Documents\GitHub\PharmacyApp\node_modules\.bin;D:\DATA\Files\Documents\GitHub\node_modules\.bin;D:\DATA\Files\Documents\node_modules\.bin;D:\DATA\Files\node_modules\.bin;D:\DATA\node_modules\.bin;D:\node_modules\.bin;C:\Program Files\nodejs;D:\DATA\Files\Documents\GitHub\PharmacyApp\node_modules\.bin;D:\DATA\Files\Documents\GitHub\node_modules\.bin;D:\DATA\Files\Documents\node_modules\.bin;D:\DATA\Files\node_modules\.bin;D:\DATA\node_modules\.bin;D:\node_modules\.bin;C:\Users\Micha\AppData\Roaming\npm\node_modules\npm\node_modules\@npmcli\run-script\lib\node-gyp-bin;C:\Program Files\WindowsApps\Microsoft.PowerShell_7.2.7.0_x64__8wekyb3d8bbwe;C:\Program Files (x86)\NVIDIA Corporation\PhysX\Common;C:\Python310\Scripts\;C:\Python310\;C:\Program Files (x86)\Common Files\Oracle\Java\javapath;C:\ProgramData\Oracle\Java\javapath;C:\WINDOWS\system32;C:\WINDOWS;C:\WINDOWS\System32\Wbem;C:\WINDOWS\System32\WindowsPowerShell\v1.0\;C:\WINDOWS\System32\OpenSSH\;C:\ProgramData\chocolatey\bin;C:\ProgramData\ComposerSetup\bin;C:\xampp\php;C:\Program Files\Go\bin;C:\Program Files\dotnet\;C:\Program Files\nodejs\;C:\Program Files\OpenJDK\openjdk-11.0.15_10\bin;C:\Program Files\Git\cmd;C:\Program Files (x86)\Tailscale IPN;C:\Users\Micha\AppData\Local\Microsoft\WindowsApps;C:\Users\Micha\AppData\Local\Programs\Microsoft VS Code\bin;C:\Users\Micha\AppData\Roaming\Composer\vendor\bin;C:\Users\Micha\go\bin;C:\Users\Micha\.dotnet\tools;C:\Users\Micha\AppData\Local\GitHubDesktop\bin;C:\platform-tools;C:\Users\Micha\AppData\Roaming\npm;
USERNAME=Micha
LANG=es_419.UTF-8
OS=Windows_NT
PROCESSOR_IDENTIFIER=Intel64 Family 6 Model 142 Stepping 10, GenuineIntel



---------------  S Y S T E M  ---------------

OS: Windows 11 , 64 bit Build 22621 (10.0.22621.608)
OS uptime: 0 days 3:06 hours
Hyper-V role detected

CPU:total 8 (initial active 8) (4 cores per cpu, 2 threads per core) family 6 model 142 stepping 10 microcode 0xe0, cmov, cx8, fxsr, mmx, sse, sse2, sse3, ssse3, sse4.1, sse4.2, popcnt, avx, avx2, aes, clmul, erms, 3dnowpref, lzcnt, ht, tsc, tscinvbit, bmi1, bmi2, adx, fma

Memory: 4k page, system-wide physical 8097M (1041M free)
TotalPageFile size 15009M (AvailPageFile size 5114M)
current process WorkingSet (physical memory assigned to process): 402M, peak: 662M
current process commit charge ("private bytes"): 730M, peak: 749M

vm_info: OpenJDK 64-Bit Server VM (11.0.15+10) for windows-amd64 JRE (11.0.15+10), built on Apr 21 2022 21:29:46 by "tester" with MS VC++ 15.5 (VS2017)

END.
